Using pre-set license
Built from '2020.2/release' branch; Version is '2020.2.1f1 (270dd8c3da1c) revision 2559448'; Using compiler version '192528614'; Build Type 'Release'
OS: 'Windows 10  (10.0.0) 64bit' Language: 'en' Physical Memory: 32665 MB
BatchMode: 1, IsHumanControllingUs: 0, StartBugReporterOnCrash: 0, Is64bit: 1, IsPro: 0

 COMMAND LINE ARGUMENTS:
C:\Program Files\Unity\Hub\Editor\2020.2.1f1\Editor\Unity.exe
-adb2
-batchMode
-noUpm
-name
AssetImportWorker0
-projectPath
C:/Users/Morgan/Desktop/Haywire II/Haywire
-logFile
Logs/AssetImportWorker0.log
-srvPort
64761
Successfully changed project path to: C:/Users/Morgan/Desktop/Haywire II/Haywire
C:/Users/Morgan/Desktop/Haywire II/Haywire
Using Asset Import Pipeline V2.
Refreshing native plugins compatible for Editor in 44.77 ms, found 0 plugins.
Preloading 0 native plugins for Editor in 0.00 ms.
Initialize engine version: 2020.2.1f1 (270dd8c3da1c)
[Subsystems] Discovering subsystems at path C:/Program Files/Unity/Hub/Editor/2020.2.1f1/Editor/Data/Resources/UnitySubsystems
[Subsystems] Discovering subsystems at path C:/Users/Morgan/Desktop/Haywire II/Haywire/Assets
GfxDevice: creating device client; threaded=0
Direct3D:
    Version:  Direct3D 11.0 [level 11.1]
    Renderer: NVIDIA GeForce RTX 3090 (ID=0x2204)
    Vendor:   
    VRAM:     24348 MB
    Driver:   27.21.14.6089
Initialize mono
Mono path[0] = 'C:/Program Files/Unity/Hub/Editor/2020.2.1f1/Editor/Data/Managed'
Mono path[1] = 'C:/Program Files/Unity/Hub/Editor/2020.2.1f1/Editor/Data/MonoBleedingEdge/lib/mono/unityjit'
Mono config path = 'C:/Program Files/Unity/Hub/Editor/2020.2.1f1/Editor/Data/MonoBleedingEdge/etc'
Using monoOptions --debugger-agent=transport=dt_socket,embedding=1,server=y,suspend=n,address=127.0.0.1:56080
Begin MonoManager ReloadAssembly
Registering precompiled unity dll's ...
Register platform support module: C:/Program Files/Unity/Hub/Editor/2020.2.1f1/Editor/Data/PlaybackEngines/WindowsStandaloneSupport/UnityEditor.WindowsStandalone.Extensions.dll
Registered in 0.002398 seconds.
Native extension for WindowsStandalone target not found
Refreshing native plugins compatible for Editor in 57.96 ms, found 0 plugins.
Preloading 0 native plugins for Editor in 0.00 ms.
Invoked RoslynAnalysisRunner static constructor.
RoslynAnalysisRunner will not be running.
RoslynAnalysisRunner has terminated.
Mono: successfully reloaded assembly
- Completed reload, in  2.526 seconds
Platform modules already initialized, skipping
Registering precompiled user dll's ...
Registered in 0.002464 seconds.
Begin MonoManager ReloadAssembly
Native extension for WindowsStandalone target not found
Refreshing native plugins compatible for Editor in 42.36 ms, found 0 plugins.
Preloading 0 native plugins for Editor in 0.00 ms.
Invoked RoslynAnalysisRunner static constructor.
RoslynAnalysisRunner will not be running.
RoslynAnalysisRunner has terminated.
Mono: successfully reloaded assembly
- Completed reload, in  0.972 seconds
Platform modules already initialized, skipping
========================================================================
Worker process is ready to serve import requests
Shader 'Universal Render Pipeline/Particles/Lit': fallback shader 'Universal Render Pipeline/Particles/SimpleLit' not found
Shader 'Universal Render Pipeline/Particles/Lit': fallback shader 'Universal Render Pipeline/Particles/SimpleLit' not found
Launched and connected shader compiler UnityShaderCompiler.exe after 0.08 seconds
Refreshing native plugins compatible for Editor in 0.36 ms, found 0 plugins.
Preloading 0 native plugins for Editor in 0.00 ms.
Unloading 2391 Unused Serialized files (Serialized files now loaded: 0)
System memory in use before: 109.1 MB.
System memory in use after: 106.8 MB.

Unloading 47 unused Assets to reduce memory usage. Loaded Objects now: 2793.
Total: 3.120300 ms (FindLiveObjects: 0.251100 ms CreateObjectMapping: 0.141800 ms MarkObjects: 1.482200 ms  DeleteObjects: 1.244100 ms)

========================================================================
Received Import Request.
  path: Assets/Readme.asset
  artifactKey: Guid(83c2ed844a8c74b779a4c823d16594b1) Importer(815301076,1909f56bfc062723c751e8b465ee728b)
Start importing Assets/Readme.asset using Guid(83c2ed844a8c74b779a4c823d16594b1) Importer(815301076,1909f56bfc062723c751e8b465ee728b)  -> (artifact id: 'cf6c1105aea63a748fcaa5f7f2e0893d') in 0.032330 seconds
  Import took 0.035870 seconds .

========================================================================
Received Import Request.
  Time since last request: 621.322027 seconds.
  path: Assets/TutorialInfo
  artifactKey: Guid(49110bb8dcada46328ad741970bce702) Importer(815301076,1909f56bfc062723c751e8b465ee728b)
Start importing Assets/TutorialInfo using Guid(49110bb8dcada46328ad741970bce702) Importer(815301076,1909f56bfc062723c751e8b465ee728b)  -> (artifact id: 'c3058c7470635987426425681463182b') in 0.003714 seconds
  Import took 0.007643 seconds .

========================================================================
Received Import Request.
  Time since last request: 0.001050 seconds.
  path: Assets/TutorialInfo
  artifactKey: Guid(49110bb8dcada46328ad741970bce702) Importer(815301076,1909f56bfc062723c751e8b465ee728b)
Start importing Assets/TutorialInfo using Guid(49110bb8dcada46328ad741970bce702) Importer(815301076,1909f56bfc062723c751e8b465ee728b)  -> (artifact id: 'c3058c7470635987426425681463182b') in 0.003075 seconds
  Import took 0.006131 seconds .

========================================================================
Received Prepare
Registering precompiled user dll's ...
Registered in 0.001288 seconds.
Begin MonoManager ReloadAssembly
Native extension for WindowsStandalone target not found
Refreshing native plugins compatible for Editor in 0.35 ms, found 0 plugins.
Preloading 0 native plugins for Editor in 0.00 ms.
Invoked RoslynAnalysisRunner static constructor.
RoslynAnalysisRunner will not be running.
RoslynAnalysisRunner has terminated.
Mono: successfully reloaded assembly
- Completed reload, in  0.867 seconds
Platform modules already initialized, skipping
Shader 'Universal Render Pipeline/Particles/Lit': fallback shader 'Universal Render Pipeline/Particles/SimpleLit' not found
Shader 'Universal Render Pipeline/Particles/Lit': fallback shader 'Universal Render Pipeline/Particles/SimpleLit' not found
Refreshing native plugins compatible for Editor in 0.35 ms, found 0 plugins.
Preloading 0 native plugins for Editor in 0.00 ms.
Unloading 2317 Unused Serialized files (Serialized files now loaded: 0)
System memory in use before: 106.3 MB.
System memory in use after: 104.0 MB.

Unloading 43 unused Assets to reduce memory usage. Loaded Objects now: 2794.
Total: 3.634600 ms (FindLiveObjects: 0.347200 ms CreateObjectMapping: 0.169400 ms MarkObjects: 1.709000 ms  DeleteObjects: 1.407900 ms)

========================================================================
Received Import Request.
  Time since last request: 7.040810 seconds.
  path: Assets/ExampleAssets
  artifactKey: Guid(990f5c2df70993f4987a388ca178996a) Importer(815301076,1909f56bfc062723c751e8b465ee728b)
Start importing Assets/ExampleAssets using Guid(990f5c2df70993f4987a388ca178996a) Importer(815301076,1909f56bfc062723c751e8b465ee728b)  -> (artifact id: '1081c0477419d4e186fa9aa5ff5d3084') in 0.006838 seconds
  Import took 0.010085 seconds .

========================================================================
Received Import Request.
  Time since last request: 2.592379 seconds.
  path: Assets/Presets
  artifactKey: Guid(558255460b74ec04fa70b5570e9327bd) Importer(815301076,1909f56bfc062723c751e8b465ee728b)
Start importing Assets/Presets using Guid(558255460b74ec04fa70b5570e9327bd) Importer(815301076,1909f56bfc062723c751e8b465ee728b)  -> (artifact id: '1061e733c83d57327630c9865adfde08') in 0.004296 seconds
  Import took 0.007619 seconds .

========================================================================
Received Import Request.
  Time since last request: 0.000979 seconds.
  path: Assets/Presets
  artifactKey: Guid(558255460b74ec04fa70b5570e9327bd) Importer(815301076,1909f56bfc062723c751e8b465ee728b)
Start importing Assets/Presets using Guid(558255460b74ec04fa70b5570e9327bd) Importer(815301076,1909f56bfc062723c751e8b465ee728b)  -> (artifact id: '1061e733c83d57327630c9865adfde08') in 0.003377 seconds
  Import took 0.006356 seconds .

========================================================================
Received Import Request.
  Time since last request: 0.045714 seconds.
  path: Assets/Presets/AudioCompressedInMemory.preset
  artifactKey: Guid(2dd802e4d37c65149922028d3e973832) Importer(815301076,1909f56bfc062723c751e8b465ee728b)
Start importing Assets/Presets/AudioCompressedInMemory.preset using Guid(2dd802e4d37c65149922028d3e973832) Importer(815301076,1909f56bfc062723c751e8b465ee728b)  -> (artifact id: 'd503b08d25ea86390c8ce28e7e3b549a') in 0.013753 seconds
  Import took 0.017050 seconds .

========================================================================
Received Import Request.
  Time since last request: 0.000158 seconds.
  path: Assets/Presets/AudioStreaming.preset
  artifactKey: Guid(86bcce7f5575b54408aa0f3a7d321039) Importer(815301076,1909f56bfc062723c751e8b465ee728b)
Start importing Assets/Presets/AudioStreaming.preset using Guid(86bcce7f5575b54408aa0f3a7d321039) Importer(815301076,1909f56bfc062723c751e8b465ee728b)  -> (artifact id: '3b20ee4d5a7c25a618be67f14560315e') in 0.004620 seconds
  Import took 0.007507 seconds .

========================================================================
Received Import Request.
  Time since last request: 0.000185 seconds.
  path: Assets/Presets/NormalTexture.preset
  artifactKey: Guid(14a57cf3b9fa1c74b884aa7e0dcf1faa) Importer(815301076,1909f56bfc062723c751e8b465ee728b)
Start importing Assets/Presets/NormalTexture.preset using Guid(14a57cf3b9fa1c74b884aa7e0dcf1faa) Importer(815301076,1909f56bfc062723c751e8b465ee728b)  -> (artifact id: '1f345643df42ac75b06cc3efff75c44b') in 0.007751 seconds
  Import took 0.010882 seconds .

========================================================================
Received Import Request.
  Time since last request: 0.000154 seconds.
  path: Assets/Presets/UtilityTexture.preset
  artifactKey: Guid(45f7b2e3c78185248b3adbb14429c2ab) Importer(815301076,1909f56bfc062723c751e8b465ee728b)
Start importing Assets/Presets/UtilityTexture.preset using Guid(45f7b2e3c78185248b3adbb14429c2ab) Importer(815301076,1909f56bfc062723c751e8b465ee728b)  -> (artifact id: '6bdbbb156ce5b786ee71794c7541aaf4') in 0.006003 seconds
  Import took 0.009158 seconds .

========================================================================
Received Import Request.
  Time since last request: 8.069275 seconds.
  path: Assets/Materials
  artifactKey: Guid(d0234ba368eeec9418390da711bfdad0) Importer(815301076,1909f56bfc062723c751e8b465ee728b)
Start importing Assets/Materials using Guid(d0234ba368eeec9418390da711bfdad0) Importer(815301076,1909f56bfc062723c751e8b465ee728b)  -> (artifact id: '80039c5bd4f1eb5e28cf5cdb572da2f7') in 0.004359 seconds
  Import took 0.007602 seconds .

========================================================================
Received Import Request.
  Time since last request: 0.000545 seconds.
  path: Assets/Materials
  artifactKey: Guid(d0234ba368eeec9418390da711bfdad0) Importer(815301076,1909f56bfc062723c751e8b465ee728b)
Start importing Assets/Materials using Guid(d0234ba368eeec9418390da711bfdad0) Importer(815301076,1909f56bfc062723c751e8b465ee728b)  -> (artifact id: '80039c5bd4f1eb5e28cf5cdb572da2f7') in 0.003521 seconds
  Import took 0.006557 seconds .

========================================================================
Received Import Request.
  Time since last request: 0.044126 seconds.
  path: Assets/Materials/Skybox_Mat.mat
  artifactKey: Guid(0ffaa0b7117ba8c47a9d05ae701d4b4d) Importer(815301076,1909f56bfc062723c751e8b465ee728b)
Start importing Assets/Materials/Skybox_Mat.mat using Guid(0ffaa0b7117ba8c47a9d05ae701d4b4d) Importer(815301076,1909f56bfc062723c751e8b465ee728b)  -> (artifact id: 'c27f79ae21db569960de64cdc951bce4') in 0.216589 seconds
  Import took 0.220182 seconds .

========================================================================
Received Import Request.
  Time since last request: 1.320763 seconds.
  path: Assets
  artifactKey: Guid(00000000000000001000000000000000) Importer(815301076,1909f56bfc062723c751e8b465ee728b)
Start importing Assets using Guid(00000000000000001000000000000000) Importer(815301076,1909f56bfc062723c751e8b465ee728b)  -> (artifact id: 'e1a2c4dac9df7c17871e19a3b74f0e9f') in 0.004351 seconds
  Import took 0.007691 seconds .

========================================================================
Received Import Request.
  Time since last request: 0.000765 seconds.
  path: Assets
  artifactKey: Guid(00000000000000001000000000000000) Importer(815301076,1909f56bfc062723c751e8b465ee728b)
Start importing Assets using Guid(00000000000000001000000000000000) Importer(815301076,1909f56bfc062723c751e8b465ee728b)  -> (artifact id: 'e1a2c4dac9df7c17871e19a3b74f0e9f') in 0.003462 seconds
  Import took 0.006596 seconds .

========================================================================
Received Import Request.
  Time since last request: 4.147635 seconds.
  path: Assets/Default
  artifactKey: Guid(52caaefc7dd9979499cac4e9386bff59) Importer(815301076,1909f56bfc062723c751e8b465ee728b)
Start importing Assets/Default using Guid(52caaefc7dd9979499cac4e9386bff59) Importer(815301076,1909f56bfc062723c751e8b465ee728b)  -> (artifact id: 'dcb776853bbc8cb5f591dbb12c723943') in 0.004650 seconds
  Import took 0.007973 seconds .

========================================================================
Received Import Request.
  Time since last request: 4.477079 seconds.
  path: Assets/Scripts
  artifactKey: Guid(02a3527b6b33a924e8ec66aa805ea717) Importer(815301076,1909f56bfc062723c751e8b465ee728b)
Start importing Assets/Scripts using Guid(02a3527b6b33a924e8ec66aa805ea717) Importer(815301076,1909f56bfc062723c751e8b465ee728b)  -> (artifact id: 'dee8d497d1bd0eb168213dadc1c50a3c') in 0.004446 seconds
  Import took 0.007844 seconds .

========================================================================
Received Import Request.
  Time since last request: 0.000251 seconds.
  path: Assets/Scripts
  artifactKey: Guid(02a3527b6b33a924e8ec66aa805ea717) Importer(815301076,1909f56bfc062723c751e8b465ee728b)
Start importing Assets/Scripts using Guid(02a3527b6b33a924e8ec66aa805ea717) Importer(815301076,1909f56bfc062723c751e8b465ee728b)  -> (artifact id: 'dee8d497d1bd0eb168213dadc1c50a3c') in 0.003432 seconds
  Import took 0.006521 seconds .

========================================================================
Received Import Request.
  Time since last request: 1.248961 seconds.
  path: Assets/Scripts/SimpleCameraController.cs
  artifactKey: Guid(be76e5f14cfee674cb30b491fb72b09b) Importer(815301076,1909f56bfc062723c751e8b465ee728b)
Start importing Assets/Scripts/SimpleCameraController.cs using Guid(be76e5f14cfee674cb30b491fb72b09b) Importer(815301076,1909f56bfc062723c751e8b465ee728b)  -> (artifact id: '126470763e5688f1d86220f6b38177f5') in 0.011630 seconds
  Import took 0.014961 seconds .

========================================================================
Received Import Request.
  Time since last request: 0.021963 seconds.
  path: Assets/Scripts/SimpleCameraController.cs
  artifactKey: Guid(be76e5f14cfee674cb30b491fb72b09b) Importer(815301076,1909f56bfc062723c751e8b465ee728b)
Start importing Assets/Scripts/SimpleCameraController.cs using Guid(be76e5f14cfee674cb30b491fb72b09b) Importer(815301076,1909f56bfc062723c751e8b465ee728b)  -> (artifact id: '126470763e5688f1d86220f6b38177f5') in 0.003479 seconds
  Import took 0.006797 seconds .

========================================================================
Received Prepare
Registering precompiled user dll's ...
Registered in 0.001272 seconds.
Begin MonoManager ReloadAssembly
Native extension for WindowsStandalone target not found
Refreshing native plugins compatible for Editor in 0.36 ms, found 0 plugins.
Preloading 0 native plugins for Editor in 0.00 ms.
Invoked RoslynAnalysisRunner static constructor.
RoslynAnalysisRunner will not be running.
RoslynAnalysisRunner has terminated.
Mono: successfully reloaded assembly
- Completed reload, in  0.906 seconds
Platform modules already initialized, skipping
Shader 'Universal Render Pipeline/Particles/Lit': fallback shader 'Universal Render Pipeline/Particles/SimpleLit' not found
Shader 'Universal Render Pipeline/Particles/Lit': fallback shader 'Universal Render Pipeline/Particles/SimpleLit' not found
Refreshing native plugins compatible for Editor in 0.34 ms, found 0 plugins.
Preloading 0 native plugins for Editor in 0.00 ms.
Unloading 2316 Unused Serialized files (Serialized files now loaded: 0)
System memory in use before: 111.4 MB.
System memory in use after: 109.2 MB.

Unloading 43 unused Assets to reduce memory usage. Loaded Objects now: 2873.
Total: 3.013700 ms (FindLiveObjects: 0.214000 ms CreateObjectMapping: 0.106200 ms MarkObjects: 1.455800 ms  DeleteObjects: 1.236800 ms)

========================================================================
Received Import Request.
  Time since last request: 10.334984 seconds.
  path: Assets/Classes
  artifactKey: Guid(9e2a18a95c56660438eb27df551999f2) Importer(815301076,1909f56bfc062723c751e8b465ee728b)
Start importing Assets/Classes using Guid(9e2a18a95c56660438eb27df551999f2) Importer(815301076,1909f56bfc062723c751e8b465ee728b)  -> (artifact id: '67137dc3ec3ba29e77aa5c9296b2bf1d') in 0.006874 seconds
  Import took 0.010391 seconds .

========================================================================
Received Prepare
Registering precompiled user dll's ...
Registered in 0.001307 seconds.
Begin MonoManager ReloadAssembly
Native extension for WindowsStandalone target not found
Refreshing native plugins compatible for Editor in 0.35 ms, found 0 plugins.
Preloading 0 native plugins for Editor in 0.00 ms.
Invoked RoslynAnalysisRunner static constructor.
RoslynAnalysisRunner will not be running.
RoslynAnalysisRunner has terminated.
Mono: successfully reloaded assembly
- Completed reload, in  0.888 seconds
Platform modules already initialized, skipping
Shader 'Universal Render Pipeline/Particles/Lit': fallback shader 'Universal Render Pipeline/Particles/SimpleLit' not found
Shader 'Universal Render Pipeline/Particles/Lit': fallback shader 'Universal Render Pipeline/Particles/SimpleLit' not found
Refreshing native plugins compatible for Editor in 0.33 ms, found 0 plugins.
Preloading 0 native plugins for Editor in 0.00 ms.
Unloading 2326 Unused Serialized files (Serialized files now loaded: 0)
System memory in use before: 111.8 MB.
System memory in use after: 109.5 MB.

Unloading 42 unused Assets to reduce memory usage. Loaded Objects now: 2885.
Total: 3.246100 ms (FindLiveObjects: 0.226900 ms CreateObjectMapping: 0.112900 ms MarkObjects: 1.571300 ms  DeleteObjects: 1.333800 ms)

========================================================================
Received Import Request.
  Time since last request: 184.927204 seconds.
  path: Assets/Classes/UI
  artifactKey: Guid(f1bbb46782ef42349b7a110c29695ddd) Importer(815301076,1909f56bfc062723c751e8b465ee728b)
Start importing Assets/Classes/UI using Guid(f1bbb46782ef42349b7a110c29695ddd) Importer(815301076,1909f56bfc062723c751e8b465ee728b)  -> (artifact id: '696d5428bf784cb9ed7f87d9f5c64084') in 0.006067 seconds
  Import took 0.009664 seconds .

========================================================================
Received Import Request.
  Time since last request: 0.001739 seconds.
  path: Assets/Classes/UI
  artifactKey: Guid(f1bbb46782ef42349b7a110c29695ddd) Importer(815301076,1909f56bfc062723c751e8b465ee728b)
Start importing Assets/Classes/UI using Guid(f1bbb46782ef42349b7a110c29695ddd) Importer(815301076,1909f56bfc062723c751e8b465ee728b)  -> (artifact id: '696d5428bf784cb9ed7f87d9f5c64084') in 0.002921 seconds
  Import took 0.006133 seconds .

========================================================================
Received Import Request.
  Time since last request: 1.232062 seconds.
  path: Assets/Classes/UI/UI_HealthBar.cs
  artifactKey: Guid(e7a67238008c78943831caef03ce45cd) Importer(815301076,1909f56bfc062723c751e8b465ee728b)
Start importing Assets/Classes/UI/UI_HealthBar.cs using Guid(e7a67238008c78943831caef03ce45cd) Importer(815301076,1909f56bfc062723c751e8b465ee728b)  -> (artifact id: 'd56ba7082c5385748e0c99d2e2a5ce77') in 0.003390 seconds
  Import took 0.006919 seconds .

========================================================================
Received Import Request.
  Time since last request: 0.001609 seconds.
  path: Assets/Classes/UI/UI_HealthBar.cs
  artifactKey: Guid(e7a67238008c78943831caef03ce45cd) Importer(815301076,1909f56bfc062723c751e8b465ee728b)
Start importing Assets/Classes/UI/UI_HealthBar.cs using Guid(e7a67238008c78943831caef03ce45cd) Importer(815301076,1909f56bfc062723c751e8b465ee728b)  -> (artifact id: 'd56ba7082c5385748e0c99d2e2a5ce77') in 0.002833 seconds
  Import took 0.006162 seconds .

========================================================================
Received Import Request.
  Time since last request: 2.477426 seconds.
  path: Assets/Classes/UI/MiniMap
  artifactKey: Guid(2dee6c6a5ddd2f2489efce55315b1004) Importer(815301076,1909f56bfc062723c751e8b465ee728b)
Start importing Assets/Classes/UI/MiniMap using Guid(2dee6c6a5ddd2f2489efce55315b1004) Importer(815301076,1909f56bfc062723c751e8b465ee728b)  -> (artifact id: '769474a581e31684899102085a81d648') in 0.003613 seconds
  Import took 0.007073 seconds .

========================================================================
Received Import Request.
  Time since last request: 0.001258 seconds.
  path: Assets/Classes/UI/MiniMap
  artifactKey: Guid(2dee6c6a5ddd2f2489efce55315b1004) Importer(815301076,1909f56bfc062723c751e8b465ee728b)
Start importing Assets/Classes/UI/MiniMap using Guid(2dee6c6a5ddd2f2489efce55315b1004) Importer(815301076,1909f56bfc062723c751e8b465ee728b)  -> (artifact id: '769474a581e31684899102085a81d648') in 0.002904 seconds
  Import took 0.005944 seconds .

========================================================================
Received Prepare
Registering precompiled user dll's ...
Registered in 0.001367 seconds.
Begin MonoManager ReloadAssembly
Native extension for WindowsStandalone target not found
Refreshing native plugins compatible for Editor in 0.35 ms, found 0 plugins.
Preloading 0 native plugins for Editor in 0.00 ms.
Invoked RoslynAnalysisRunner static constructor.
RoslynAnalysisRunner will not be running.
RoslynAnalysisRunner has terminated.
Mono: successfully reloaded assembly
- Completed reload, in  0.895 seconds
Platform modules already initialized, skipping
Shader 'Universal Render Pipeline/Particles/Lit': fallback shader 'Universal Render Pipeline/Particles/SimpleLit' not found
Shader 'Universal Render Pipeline/Particles/Lit': fallback shader 'Universal Render Pipeline/Particles/SimpleLit' not found
Refreshing native plugins compatible for Editor in 0.34 ms, found 0 plugins.
Preloading 0 native plugins for Editor in 0.00 ms.
Unloading 2325 Unused Serialized files (Serialized files now loaded: 0)
System memory in use before: 111.8 MB.
System memory in use after: 109.5 MB.

Unloading 43 unused Assets to reduce memory usage. Loaded Objects now: 2886.
Total: 3.166700 ms (FindLiveObjects: 0.237100 ms CreateObjectMapping: 0.119700 ms MarkObjects: 1.455900 ms  DeleteObjects: 1.352800 ms)

========================================================================
Received Prepare
Registering precompiled user dll's ...
Registered in 0.001386 seconds.
Begin MonoManager ReloadAssembly
Native extension for WindowsStandalone target not found
Refreshing native plugins compatible for Editor in 0.36 ms, found 0 plugins.
Preloading 0 native plugins for Editor in 0.00 ms.
Invoked RoslynAnalysisRunner static constructor.
RoslynAnalysisRunner will not be running.
RoslynAnalysisRunner has terminated.
Mono: successfully reloaded assembly
- Completed reload, in  0.881 seconds
Platform modules already initialized, skipping
Shader 'Universal Render Pipeline/Particles/Lit': fallback shader 'Universal Render Pipeline/Particles/SimpleLit' not found
Shader 'Universal Render Pipeline/Particles/Lit': fallback shader 'Universal Render Pipeline/Particles/SimpleLit' not found
Refreshing native plugins compatible for Editor in 0.34 ms, found 0 plugins.
Preloading 0 native plugins for Editor in 0.00 ms.
Unloading 2324 Unused Serialized files (Serialized files now loaded: 0)
System memory in use before: 111.8 MB.
System memory in use after: 109.5 MB.

Unloading 43 unused Assets to reduce memory usage. Loaded Objects now: 2887.
Total: 3.179100 ms (FindLiveObjects: 0.235800 ms CreateObjectMapping: 0.103100 ms MarkObjects: 1.445700 ms  DeleteObjects: 1.393800 ms)

========================================================================
Received Import Request.
  Time since last request: 22.481301 seconds.
  path: Assets/Classes/AI
  artifactKey: Guid(a09fcfc96668c90468ad77d40b0f0d32) Importer(815301076,1909f56bfc062723c751e8b465ee728b)
Start importing Assets/Classes/AI using Guid(a09fcfc96668c90468ad77d40b0f0d32) Importer(815301076,1909f56bfc062723c751e8b465ee728b)  -> (artifact id: 'ab9938bcde907a8aca4f8bc0173acc35') in 0.006869 seconds
  Import took 0.010455 seconds .

========================================================================
Received Import Request.
  Time since last request: 0.529263 seconds.
  path: Assets/Classes/Camera
  artifactKey: Guid(d2b80e8ea2a1e7044a75e7ba42409ff8) Importer(815301076,1909f56bfc062723c751e8b465ee728b)
Start importing Assets/Classes/Camera using Guid(d2b80e8ea2a1e7044a75e7ba42409ff8) Importer(815301076,1909f56bfc062723c751e8b465ee728b)  -> (artifact id: 'a7836369c7f9c1ffb9eff77ce4cdd119') in 0.004011 seconds
  Import took 0.007394 seconds .

========================================================================
Received Import Request.
  Time since last request: 0.001304 seconds.
  path: Assets/Classes/Camera
  artifactKey: Guid(d2b80e8ea2a1e7044a75e7ba42409ff8) Importer(815301076,1909f56bfc062723c751e8b465ee728b)
Start importing Assets/Classes/Camera using Guid(d2b80e8ea2a1e7044a75e7ba42409ff8) Importer(815301076,1909f56bfc062723c751e8b465ee728b)  -> (artifact id: 'a7836369c7f9c1ffb9eff77ce4cdd119') in 0.003336 seconds
  Import took 0.006399 seconds .

========================================================================
Received Prepare
Registering precompiled user dll's ...
Registered in 0.001301 seconds.
Begin MonoManager ReloadAssembly
Native extension for WindowsStandalone target not found
Refreshing native plugins compatible for Editor in 0.35 ms, found 0 plugins.
Preloading 0 native plugins for Editor in 0.00 ms.
Invoked RoslynAnalysisRunner static constructor.
RoslynAnalysisRunner will not be running.
RoslynAnalysisRunner has terminated.
Mono: successfully reloaded assembly
- Completed reload, in  0.884 seconds
Platform modules already initialized, skipping
Shader 'Universal Render Pipeline/Particles/Lit': fallback shader 'Universal Render Pipeline/Particles/SimpleLit' not found
Shader 'Universal Render Pipeline/Particles/Lit': fallback shader 'Universal Render Pipeline/Particles/SimpleLit' not found
Refreshing native plugins compatible for Editor in 0.34 ms, found 0 plugins.
Preloading 0 native plugins for Editor in 0.00 ms.
Unloading 2316 Unused Serialized files (Serialized files now loaded: 0)
System memory in use before: 111.7 MB.
System memory in use after: 109.4 MB.

Unloading 50 unused Assets to reduce memory usage. Loaded Objects now: 2881.
Total: 3.447200 ms (FindLiveObjects: 0.224900 ms CreateObjectMapping: 0.105200 ms MarkObjects: 1.693600 ms  DeleteObjects: 1.422700 ms)

========================================================================
Received Prepare
Registering precompiled user dll's ...
Registered in 0.001348 seconds.
Begin MonoManager ReloadAssembly
Native extension for WindowsStandalone target not found
Refreshing native plugins compatible for Editor in 0.37 ms, found 0 plugins.
Preloading 0 native plugins for Editor in 0.00 ms.
Invoked RoslynAnalysisRunner static constructor.
RoslynAnalysisRunner will not be running.
RoslynAnalysisRunner has terminated.
Mono: successfully reloaded assembly
- Completed reload, in  0.878 seconds
Platform modules already initialized, skipping
Shader 'Universal Render Pipeline/Particles/Lit': fallback shader 'Universal Render Pipeline/Particles/SimpleLit' not found
Shader 'Universal Render Pipeline/Particles/Lit': fallback shader 'Universal Render Pipeline/Particles/SimpleLit' not found
Refreshing native plugins compatible for Editor in 0.34 ms, found 0 plugins.
Preloading 0 native plugins for Editor in 0.00 ms.
Unloading 2326 Unused Serialized files (Serialized files now loaded: 0)
System memory in use before: 112.0 MB.
System memory in use after: 109.7 MB.

Unloading 42 unused Assets to reduce memory usage. Loaded Objects now: 2893.
Total: 3.226200 ms (FindLiveObjects: 0.243200 ms CreateObjectMapping: 0.116300 ms MarkObjects: 1.474900 ms  DeleteObjects: 1.390900 ms)

========================================================================
Received Import Request.
  Time since last request: 25.199102 seconds.
  path: Assets/Classes
  artifactKey: Guid(e991417e4400bc04b8287573c369c185) Importer(815301076,1909f56bfc062723c751e8b465ee728b)
Start importing Assets/Classes using Guid(e991417e4400bc04b8287573c369c185) Importer(815301076,1909f56bfc062723c751e8b465ee728b)  -> (artifact id: '469f1609e12f8cc28cdfa49dc5a0d2b4') in 0.005660 seconds
  Import took 0.008924 seconds .

========================================================================
Received Import Request.
  Time since last request: 5.129381 seconds.
  path: Assets/Art
  artifactKey: Guid(0b49b4fac42804340b0f0ed326250b9c) Importer(815301076,1909f56bfc062723c751e8b465ee728b)
Start importing Assets/Art using Guid(0b49b4fac42804340b0f0ed326250b9c) Importer(815301076,1909f56bfc062723c751e8b465ee728b)  -> (artifact id: '89ce43b98615ca4d9147524cb8629c6f') in 0.004242 seconds
  Import took 0.008359 seconds .

AssetImportWorkerClient::OnTransportError - code=2 error=End of file
