Using pre-set license
Built from '2020.2/release' branch; Version is '2020.2.1f1 (270dd8c3da1c) revision 2559448'; Using compiler version '192528614'; Build Type 'Release'
OS: 'Windows 10  (10.0.0) 64bit' Language: 'en' Physical Memory: 32665 MB
BatchMode: 1, IsHumanControllingUs: 0, StartBugReporterOnCrash: 0, Is64bit: 1, IsPro: 0

 COMMAND LINE ARGUMENTS:
C:\Program Files\Unity\Hub\Editor\2020.2.1f1\Editor\Unity.exe
-adb2
-batchMode
-noUpm
-name
AssetImportWorker0
-projectPath
C:/Users/Morgan/Desktop/GamesProductionII/Haywire/Haywire
-logFile
Logs/AssetImportWorker0.log
-srvPort
54898
Successfully changed project path to: C:/Users/Morgan/Desktop/GamesProductionII/Haywire/Haywire
C:/Users/Morgan/Desktop/GamesProductionII/Haywire/Haywire
Using Asset Import Pipeline V2.
Refreshing native plugins compatible for Editor in 39.66 ms, found 0 plugins.
Preloading 0 native plugins for Editor in 0.00 ms.
Initialize engine version: 2020.2.1f1 (270dd8c3da1c)
[Subsystems] Discovering subsystems at path C:/Program Files/Unity/Hub/Editor/2020.2.1f1/Editor/Data/Resources/UnitySubsystems
[Subsystems] Discovering subsystems at path C:/Users/Morgan/Desktop/GamesProductionII/Haywire/Haywire/Assets
GfxDevice: creating device client; threaded=0
Direct3D:
    Version:  Direct3D 11.0 [level 11.1]
    Renderer: NVIDIA GeForce RTX 3090 (ID=0x2204)
    Vendor:   
    VRAM:     24348 MB
    Driver:   27.21.14.6140
Initialize mono
Mono path[0] = 'C:/Program Files/Unity/Hub/Editor/2020.2.1f1/Editor/Data/Managed'
Mono path[1] = 'C:/Program Files/Unity/Hub/Editor/2020.2.1f1/Editor/Data/MonoBleedingEdge/lib/mono/unityjit'
Mono config path = 'C:/Program Files/Unity/Hub/Editor/2020.2.1f1/Editor/Data/MonoBleedingEdge/etc'
Using monoOptions --debugger-agent=transport=dt_socket,embedding=1,server=y,suspend=n,address=127.0.0.1:56660
Begin MonoManager ReloadAssembly
Registering precompiled unity dll's ...
Register platform support module: C:/Program Files/Unity/Hub/Editor/2020.2.1f1/Editor/Data/PlaybackEngines/WindowsStandaloneSupport/UnityEditor.WindowsStandalone.Extensions.dll
Registered in 0.002078 seconds.
Native extension for WindowsStandalone target not found
Refreshing native plugins compatible for Editor in 40.12 ms, found 0 plugins.
Preloading 0 native plugins for Editor in 0.00 ms.
Invoked RoslynAnalysisRunner static constructor.
RoslynAnalysisRunner will not be running.
RoslynAnalysisRunner has terminated.
Mono: successfully reloaded assembly
- Completed reload, in  2.356 seconds
Platform modules already initialized, skipping
Registering precompiled user dll's ...
Registered in 0.001387 seconds.
Begin MonoManager ReloadAssembly
Native extension for WindowsStandalone target not found
Refreshing native plugins compatible for Editor in 42.36 ms, found 0 plugins.
Preloading 0 native plugins for Editor in 0.00 ms.
Invoked RoslynAnalysisRunner static constructor.
RoslynAnalysisRunner will not be running.
RoslynAnalysisRunner has terminated.
Mono: successfully reloaded assembly
- Completed reload, in  0.953 seconds
Platform modules already initialized, skipping
========================================================================
Worker process is ready to serve import requests
Shader 'Universal Render Pipeline/Particles/Lit': fallback shader 'Universal Render Pipeline/Particles/SimpleLit' not found
Shader 'Universal Render Pipeline/Particles/Lit': fallback shader 'Universal Render Pipeline/Particles/SimpleLit' not found
Launched and connected shader compiler UnityShaderCompiler.exe after 0.04 seconds
Refreshing native plugins compatible for Editor in 0.35 ms, found 0 plugins.
Preloading 0 native plugins for Editor in 0.00 ms.
Unloading 2407 Unused Serialized files (Serialized files now loaded: 0)
System memory in use before: 112.4 MB.
System memory in use after: 110.3 MB.

Unloading 46 unused Assets to reduce memory usage. Loaded Objects now: 2816.
Total: 3.125300 ms (FindLiveObjects: 0.232800 ms CreateObjectMapping: 0.135000 ms MarkObjects: 1.594300 ms  DeleteObjects: 1.162200 ms)

========================================================================
Received Import Request.
  path: Assets/Classes/Character/CharacterFiringController.cs
  artifactKey: Guid(42834308b2a27504297922a9158e3518) Importer(815301076,1909f56bfc062723c751e8b465ee728b)
Start importing Assets/Classes/Character/CharacterFiringController.cs using Guid(42834308b2a27504297922a9158e3518) Importer(815301076,1909f56bfc062723c751e8b465ee728b)  -> (artifact id: '45b04acc8b57d259f6f0d291e2bef732') in 0.025166 seconds
  Import took 0.028600 seconds .

========================================================================
Received Import Request.
  Time since last request: 203.107641 seconds.
  path: Assets/Classes/Character/CharacterFiringController.cs
  artifactKey: Guid(42834308b2a27504297922a9158e3518) Importer(815301076,1909f56bfc062723c751e8b465ee728b)
Start importing Assets/Classes/Character/CharacterFiringController.cs using Guid(42834308b2a27504297922a9158e3518) Importer(815301076,1909f56bfc062723c751e8b465ee728b)  -> (artifact id: '5e612476199f5cc4f19fcbe7b4b70152') in 0.003004 seconds
  Import took 0.006999 seconds .

========================================================================
Received Import Request.
  Time since last request: 2.439730 seconds.
  path: Assets/Classes/Character/CharacterFiringController.cs
  artifactKey: Guid(42834308b2a27504297922a9158e3518) Importer(815301076,1909f56bfc062723c751e8b465ee728b)
Start importing Assets/Classes/Character/CharacterFiringController.cs using Guid(42834308b2a27504297922a9158e3518) Importer(815301076,1909f56bfc062723c751e8b465ee728b)  -> (artifact id: 'e830ba78e9a9ec3dd5fefb4e3b3f093b') in 0.002954 seconds
  Import took 0.006337 seconds .

========================================================================
Received Prepare
Registering precompiled user dll's ...
Registered in 0.001352 seconds.
Begin MonoManager ReloadAssembly
Native extension for WindowsStandalone target not found
Refreshing native plugins compatible for Editor in 0.35 ms, found 0 plugins.
Preloading 0 native plugins for Editor in 0.00 ms.
Invoked RoslynAnalysisRunner static constructor.
RoslynAnalysisRunner will not be running.
RoslynAnalysisRunner has terminated.
Mono: successfully reloaded assembly
- Completed reload, in  0.856 seconds
Platform modules already initialized, skipping
Shader 'Universal Render Pipeline/Particles/Lit': fallback shader 'Universal Render Pipeline/Particles/SimpleLit' not found
Shader 'Universal Render Pipeline/Particles/Lit': fallback shader 'Universal Render Pipeline/Particles/SimpleLit' not found
Refreshing native plugins compatible for Editor in 0.35 ms, found 0 plugins.
Preloading 0 native plugins for Editor in 0.00 ms.
Unloading 2334 Unused Serialized files (Serialized files now loaded: 0)
System memory in use before: 109.4 MB.
System memory in use after: 107.3 MB.

Unloading 41 unused Assets to reduce memory usage. Loaded Objects now: 2818.
Total: 3.658300 ms (FindLiveObjects: 0.228700 ms CreateObjectMapping: 0.120600 ms MarkObjects: 1.904900 ms  DeleteObjects: 1.403000 ms)

========================================================================
Received Prepare
Registering precompiled user dll's ...
Registered in 0.001411 seconds.
Begin MonoManager ReloadAssembly
Native extension for WindowsStandalone target not found
Refreshing native plugins compatible for Editor in 0.36 ms, found 0 plugins.
Preloading 0 native plugins for Editor in 0.00 ms.
Invoked RoslynAnalysisRunner static constructor.
RoslynAnalysisRunner will not be running.
RoslynAnalysisRunner has terminated.
Mono: successfully reloaded assembly
- Completed reload, in  0.898 seconds
Platform modules already initialized, skipping
Shader 'Universal Render Pipeline/Particles/Lit': fallback shader 'Universal Render Pipeline/Particles/SimpleLit' not found
Shader 'Universal Render Pipeline/Particles/Lit': fallback shader 'Universal Render Pipeline/Particles/SimpleLit' not found
Refreshing native plugins compatible for Editor in 0.36 ms, found 0 plugins.
Preloading 0 native plugins for Editor in 0.00 ms.
Unloading 2333 Unused Serialized files (Serialized files now loaded: 0)
System memory in use before: 110.5 MB.
System memory in use after: 108.4 MB.

Unloading 42 unused Assets to reduce memory usage. Loaded Objects now: 2819.
Total: 3.085600 ms (FindLiveObjects: 0.226700 ms CreateObjectMapping: 0.114100 ms MarkObjects: 1.538200 ms  DeleteObjects: 1.205800 ms)

========================================================================
Received Import Request.
  Time since last request: 218.458078 seconds.
  path: Assets/Classes/Character/CharacterFiringController.cs
  artifactKey: Guid(42834308b2a27504297922a9158e3518) Importer(815301076,1909f56bfc062723c751e8b465ee728b)
Start importing Assets/Classes/Character/CharacterFiringController.cs using Guid(42834308b2a27504297922a9158e3518) Importer(815301076,1909f56bfc062723c751e8b465ee728b)  -> (artifact id: '266de28946e5144bc2196295281df35a') in 0.006231 seconds
  Import took 0.009494 seconds .

========================================================================
Received Prepare
Registering precompiled user dll's ...
Registered in 0.001413 seconds.
Begin MonoManager ReloadAssembly
Native extension for WindowsStandalone target not found
Refreshing native plugins compatible for Editor in 0.65 ms, found 0 plugins.
Preloading 0 native plugins for Editor in 0.00 ms.
Invoked RoslynAnalysisRunner static constructor.
RoslynAnalysisRunner will not be running.
RoslynAnalysisRunner has terminated.
Mono: successfully reloaded assembly
- Completed reload, in  0.868 seconds
Platform modules already initialized, skipping
Shader 'Universal Render Pipeline/Particles/Lit': fallback shader 'Universal Render Pipeline/Particles/SimpleLit' not found
Shader 'Universal Render Pipeline/Particles/Lit': fallback shader 'Universal Render Pipeline/Particles/SimpleLit' not found
Refreshing native plugins compatible for Editor in 0.44 ms, found 0 plugins.
Preloading 0 native plugins for Editor in 0.00 ms.
Unloading 2333 Unused Serialized files (Serialized files now loaded: 0)
System memory in use before: 110.4 MB.
System memory in use after: 108.4 MB.

Unloading 41 unused Assets to reduce memory usage. Loaded Objects now: 2821.
Total: 3.239300 ms (FindLiveObjects: 0.220300 ms CreateObjectMapping: 0.119500 ms MarkObjects: 1.436600 ms  DeleteObjects: 1.462100 ms)

========================================================================
Received Import Request.
  Time since last request: 92.370969 seconds.
  path: Assets/Prefab/Projectile.prefab
  artifactKey: Guid(6b601733d67915f44b20783e08ac5204) Importer(815301076,1909f56bfc062723c751e8b465ee728b)
Start importing Assets/Prefab/Projectile.prefab using Guid(6b601733d67915f44b20783e08ac5204) Importer(815301076,1909f56bfc062723c751e8b465ee728b)  -> (artifact id: '941d264b8ee17936b304445fb4a37146') in 0.234177 seconds
  Import took 0.238362 seconds .

========================================================================
Received Prepare
Registering precompiled user dll's ...
Registered in 0.001359 seconds.
Begin MonoManager ReloadAssembly
Native extension for WindowsStandalone target not found
Refreshing native plugins compatible for Editor in 0.36 ms, found 0 plugins.
Preloading 0 native plugins for Editor in 0.00 ms.
Invoked RoslynAnalysisRunner static constructor.
RoslynAnalysisRunner will not be running.
RoslynAnalysisRunner has terminated.
Mono: successfully reloaded assembly
- Completed reload, in  0.900 seconds
Platform modules already initialized, skipping
Shader 'Universal Render Pipeline/Particles/Lit': fallback shader 'Universal Render Pipeline/Particles/SimpleLit' not found
Shader 'Universal Render Pipeline/Particles/Lit': fallback shader 'Universal Render Pipeline/Particles/SimpleLit' not found
Refreshing native plugins compatible for Editor in 0.34 ms, found 0 plugins.
Preloading 0 native plugins for Editor in 0.00 ms.
Unloading 2333 Unused Serialized files (Serialized files now loaded: 0)
System memory in use before: 115.7 MB.
System memory in use after: 113.7 MB.

Unloading 41 unused Assets to reduce memory usage. Loaded Objects now: 2869.
Total: 3.132700 ms (FindLiveObjects: 0.239100 ms CreateObjectMapping: 0.110200 ms MarkObjects: 1.588100 ms  DeleteObjects: 1.194500 ms)

========================================================================
Received Prepare
Registering precompiled user dll's ...
Registered in 0.001339 seconds.
Begin MonoManager ReloadAssembly
Native extension for WindowsStandalone target not found
Refreshing native plugins compatible for Editor in 0.37 ms, found 0 plugins.
Preloading 0 native plugins for Editor in 0.00 ms.
Invoked RoslynAnalysisRunner static constructor.
RoslynAnalysisRunner will not be running.
RoslynAnalysisRunner has terminated.
Mono: successfully reloaded assembly
- Completed reload, in  0.909 seconds
Platform modules already initialized, skipping
Shader 'Universal Render Pipeline/Particles/Lit': fallback shader 'Universal Render Pipeline/Particles/SimpleLit' not found
Shader 'Universal Render Pipeline/Particles/Lit': fallback shader 'Universal Render Pipeline/Particles/SimpleLit' not found
Refreshing native plugins compatible for Editor in 0.35 ms, found 0 plugins.
Preloading 0 native plugins for Editor in 0.00 ms.
Unloading 2333 Unused Serialized files (Serialized files now loaded: 0)
System memory in use before: 115.6 MB.
System memory in use after: 113.6 MB.

Unloading 41 unused Assets to reduce memory usage. Loaded Objects now: 2871.
Total: 3.303700 ms (FindLiveObjects: 0.237100 ms CreateObjectMapping: 0.115200 ms MarkObjects: 1.482900 ms  DeleteObjects: 1.467400 ms)

========================================================================
Received Prepare
Registering precompiled user dll's ...
Registered in 0.001404 seconds.
Begin MonoManager ReloadAssembly
Native extension for WindowsStandalone target not found
Refreshing native plugins compatible for Editor in 0.47 ms, found 0 plugins.
Preloading 0 native plugins for Editor in 0.00 ms.
Invoked RoslynAnalysisRunner static constructor.
RoslynAnalysisRunner will not be running.
RoslynAnalysisRunner has terminated.
Mono: successfully reloaded assembly
- Completed reload, in  0.950 seconds
Platform modules already initialized, skipping
Shader 'Universal Render Pipeline/Particles/Lit': fallback shader 'Universal Render Pipeline/Particles/SimpleLit' not found
Shader 'Universal Render Pipeline/Particles/Lit': fallback shader 'Universal Render Pipeline/Particles/SimpleLit' not found
Refreshing native plugins compatible for Editor in 0.37 ms, found 0 plugins.
Preloading 0 native plugins for Editor in 0.00 ms.
Unloading 2333 Unused Serialized files (Serialized files now loaded: 0)
System memory in use before: 115.7 MB.
System memory in use after: 113.7 MB.

Unloading 41 unused Assets to reduce memory usage. Loaded Objects now: 2873.
Total: 3.904000 ms (FindLiveObjects: 0.288800 ms CreateObjectMapping: 0.212400 ms MarkObjects: 2.098900 ms  DeleteObjects: 1.302800 ms)

========================================================================
Received Import Request.
  Time since last request: 570.341111 seconds.
  path: Assets/Art/Geometry/Debug
  artifactKey: Guid(4f0be6fa82453954391d38c8e4c1c2df) Importer(815301076,1909f56bfc062723c751e8b465ee728b)
Start importing Assets/Art/Geometry/Debug using Guid(4f0be6fa82453954391d38c8e4c1c2df) Importer(815301076,1909f56bfc062723c751e8b465ee728b)  -> (artifact id: 'e2bfec2cb59241a6788fb1fd53e2f5eb') in 0.007516 seconds
  Import took 0.011890 seconds .

========================================================================
Received Import Request.
  Time since last request: 10.755997 seconds.
  path: Assets/Art/Geometry/Debug/XYZ Maya.fbx
  artifactKey: Guid(1c00e2723e5c9794faf39e16df950c08) Importer(815301076,1909f56bfc062723c751e8b465ee728b)
Start importing Assets/Art/Geometry/Debug/XYZ Maya.fbx using Guid(1c00e2723e5c9794faf39e16df950c08) Importer(815301076,1909f56bfc062723c751e8b465ee728b)  -> (artifact id: '1b44c80a78af2cbca6d1ea7a495f0547') in 0.245784 seconds
  Import took 0.249503 seconds .

========================================================================
Received Prepare
Registering precompiled user dll's ...
Registered in 0.001486 seconds.
Begin MonoManager ReloadAssembly
Native extension for WindowsStandalone target not found
Refreshing native plugins compatible for Editor in 0.37 ms, found 0 plugins.
Preloading 0 native plugins for Editor in 0.00 ms.
Invoked RoslynAnalysisRunner static constructor.
RoslynAnalysisRunner will not be running.
RoslynAnalysisRunner has terminated.
Mono: successfully reloaded assembly
- Completed reload, in  0.960 seconds
Platform modules already initialized, skipping
Shader 'Universal Render Pipeline/Particles/Lit': fallback shader 'Universal Render Pipeline/Particles/SimpleLit' not found
Shader 'Universal Render Pipeline/Particles/Lit': fallback shader 'Universal Render Pipeline/Particles/SimpleLit' not found
Refreshing native plugins compatible for Editor in 0.35 ms, found 0 plugins.
Preloading 0 native plugins for Editor in 0.00 ms.
Unloading 2333 Unused Serialized files (Serialized files now loaded: 0)
System memory in use before: 116.3 MB.
System memory in use after: 114.2 MB.

Unloading 41 unused Assets to reduce memory usage. Loaded Objects now: 2947.
Total: 3.325200 ms (FindLiveObjects: 0.237400 ms CreateObjectMapping: 0.114500 ms MarkObjects: 1.683000 ms  DeleteObjects: 1.289400 ms)

========================================================================
Received Prepare
Registering precompiled user dll's ...
Registered in 0.001340 seconds.
Begin MonoManager ReloadAssembly
Native extension for WindowsStandalone target not found
Refreshing native plugins compatible for Editor in 0.36 ms, found 0 plugins.
Preloading 0 native plugins for Editor in 0.00 ms.
Invoked RoslynAnalysisRunner static constructor.
RoslynAnalysisRunner will not be running.
RoslynAnalysisRunner has terminated.
Mono: successfully reloaded assembly
- Completed reload, in  0.927 seconds
Platform modules already initialized, skipping
Shader 'Universal Render Pipeline/Particles/Lit': fallback shader 'Universal Render Pipeline/Particles/SimpleLit' not found
Shader 'Universal Render Pipeline/Particles/Lit': fallback shader 'Universal Render Pipeline/Particles/SimpleLit' not found
Refreshing native plugins compatible for Editor in 0.36 ms, found 0 plugins.
Preloading 0 native plugins for Editor in 0.00 ms.
Unloading 2333 Unused Serialized files (Serialized files now loaded: 0)
System memory in use before: 117.3 MB.
System memory in use after: 115.2 MB.

Unloading 41 unused Assets to reduce memory usage. Loaded Objects now: 2949.
Total: 3.521500 ms (FindLiveObjects: 0.255500 ms CreateObjectMapping: 0.194100 ms MarkObjects: 1.732500 ms  DeleteObjects: 1.337900 ms)

========================================================================
Received Prepare
Registering precompiled user dll's ...
Registered in 0.001321 seconds.
Begin MonoManager ReloadAssembly
Native extension for WindowsStandalone target not found
Refreshing native plugins compatible for Editor in 0.35 ms, found 0 plugins.
Preloading 0 native plugins for Editor in 0.00 ms.
Invoked RoslynAnalysisRunner static constructor.
RoslynAnalysisRunner will not be running.
RoslynAnalysisRunner has terminated.
Mono: successfully reloaded assembly
- Completed reload, in  0.898 seconds
Platform modules already initialized, skipping
Shader 'Universal Render Pipeline/Particles/Lit': fallback shader 'Universal Render Pipeline/Particles/SimpleLit' not found
Shader 'Universal Render Pipeline/Particles/Lit': fallback shader 'Universal Render Pipeline/Particles/SimpleLit' not found
Refreshing native plugins compatible for Editor in 0.35 ms, found 0 plugins.
Preloading 0 native plugins for Editor in 0.00 ms.
Unloading 2333 Unused Serialized files (Serialized files now loaded: 0)
System memory in use before: 116.3 MB.
System memory in use after: 114.2 MB.

Unloading 41 unused Assets to reduce memory usage. Loaded Objects now: 2951.
Total: 3.339800 ms (FindLiveObjects: 0.225600 ms CreateObjectMapping: 0.118800 ms MarkObjects: 1.686300 ms  DeleteObjects: 1.305400 ms)

========================================================================
Received Prepare
Registering precompiled user dll's ...
Registered in 0.001381 seconds.
Begin MonoManager ReloadAssembly
Native extension for WindowsStandalone target not found
Refreshing native plugins compatible for Editor in 0.37 ms, found 0 plugins.
Preloading 0 native plugins for Editor in 0.00 ms.
Invoked RoslynAnalysisRunner static constructor.
RoslynAnalysisRunner will not be running.
RoslynAnalysisRunner has terminated.
Mono: successfully reloaded assembly
- Completed reload, in  0.933 seconds
Platform modules already initialized, skipping
Shader 'Universal Render Pipeline/Particles/Lit': fallback shader 'Universal Render Pipeline/Particles/SimpleLit' not found
Shader 'Universal Render Pipeline/Particles/Lit': fallback shader 'Universal Render Pipeline/Particles/SimpleLit' not found
Refreshing native plugins compatible for Editor in 0.36 ms, found 0 plugins.
Preloading 0 native plugins for Editor in 0.00 ms.
Unloading 2333 Unused Serialized files (Serialized files now loaded: 0)
System memory in use before: 116.2 MB.
System memory in use after: 114.2 MB.

Unloading 41 unused Assets to reduce memory usage. Loaded Objects now: 2953.
Total: 3.301300 ms (FindLiveObjects: 0.276400 ms CreateObjectMapping: 0.134500 ms MarkObjects: 1.565900 ms  DeleteObjects: 1.322700 ms)

========================================================================
Received Prepare
Registering precompiled user dll's ...
Registered in 0.001403 seconds.
Begin MonoManager ReloadAssembly
Native extension for WindowsStandalone target not found
Refreshing native plugins compatible for Editor in 0.37 ms, found 0 plugins.
Preloading 0 native plugins for Editor in 0.00 ms.
Invoked RoslynAnalysisRunner static constructor.
RoslynAnalysisRunner will not be running.
RoslynAnalysisRunner has terminated.
Mono: successfully reloaded assembly
- Completed reload, in  0.916 seconds
Platform modules already initialized, skipping
Shader 'Universal Render Pipeline/Particles/Lit': fallback shader 'Universal Render Pipeline/Particles/SimpleLit' not found
Shader 'Universal Render Pipeline/Particles/Lit': fallback shader 'Universal Render Pipeline/Particles/SimpleLit' not found
Refreshing native plugins compatible for Editor in 0.36 ms, found 0 plugins.
Preloading 0 native plugins for Editor in 0.00 ms.
Unloading 2333 Unused Serialized files (Serialized files now loaded: 0)
System memory in use before: 116.3 MB.
System memory in use after: 114.3 MB.

Unloading 41 unused Assets to reduce memory usage. Loaded Objects now: 2955.
Total: 3.189900 ms (FindLiveObjects: 0.229600 ms CreateObjectMapping: 0.108600 ms MarkObjects: 1.544200 ms  DeleteObjects: 1.306700 ms)

========================================================================
Received Prepare
Registering precompiled user dll's ...
Registered in 0.001380 seconds.
Begin MonoManager ReloadAssembly
Native extension for WindowsStandalone target not found
Refreshing native plugins compatible for Editor in 0.37 ms, found 0 plugins.
Preloading 0 native plugins for Editor in 0.00 ms.
Invoked RoslynAnalysisRunner static constructor.
RoslynAnalysisRunner will not be running.
RoslynAnalysisRunner has terminated.
Mono: successfully reloaded assembly
- Completed reload, in  0.898 seconds
Platform modules already initialized, skipping
Shader 'Universal Render Pipeline/Particles/Lit': fallback shader 'Universal Render Pipeline/Particles/SimpleLit' not found
Shader 'Universal Render Pipeline/Particles/Lit': fallback shader 'Universal Render Pipeline/Particles/SimpleLit' not found
Refreshing native plugins compatible for Editor in 0.37 ms, found 0 plugins.
Preloading 0 native plugins for Editor in 0.00 ms.
Unloading 2333 Unused Serialized files (Serialized files now loaded: 0)
System memory in use before: 116.3 MB.
System memory in use after: 114.3 MB.

Unloading 41 unused Assets to reduce memory usage. Loaded Objects now: 2957.
Total: 3.528800 ms (FindLiveObjects: 0.375600 ms CreateObjectMapping: 0.188700 ms MarkObjects: 1.661500 ms  DeleteObjects: 1.301900 ms)

========================================================================
Received Prepare
Registering precompiled user dll's ...
Registered in 0.001360 seconds.
Begin MonoManager ReloadAssembly
Native extension for WindowsStandalone target not found
Refreshing native plugins compatible for Editor in 0.38 ms, found 0 plugins.
Preloading 0 native plugins for Editor in 0.00 ms.
Invoked RoslynAnalysisRunner static constructor.
RoslynAnalysisRunner will not be running.
RoslynAnalysisRunner has terminated.
Mono: successfully reloaded assembly
- Completed reload, in  0.921 seconds
Platform modules already initialized, skipping
Shader 'Universal Render Pipeline/Particles/Lit': fallback shader 'Universal Render Pipeline/Particles/SimpleLit' not found
Shader 'Universal Render Pipeline/Particles/Lit': fallback shader 'Universal Render Pipeline/Particles/SimpleLit' not found
Refreshing native plugins compatible for Editor in 0.35 ms, found 0 plugins.
Preloading 0 native plugins for Editor in 0.00 ms.
Unloading 2333 Unused Serialized files (Serialized files now loaded: 0)
System memory in use before: 116.3 MB.
System memory in use after: 114.3 MB.

Unloading 41 unused Assets to reduce memory usage. Loaded Objects now: 2959.
Total: 3.286100 ms (FindLiveObjects: 0.237800 ms CreateObjectMapping: 0.110400 ms MarkObjects: 1.623600 ms  DeleteObjects: 1.313400 ms)

========================================================================
Received Prepare
Registering precompiled user dll's ...
Registered in 0.001357 seconds.
Begin MonoManager ReloadAssembly
Native extension for WindowsStandalone target not found
Refreshing native plugins compatible for Editor in 0.35 ms, found 0 plugins.
Preloading 0 native plugins for Editor in 0.00 ms.
Invoked RoslynAnalysisRunner static constructor.
RoslynAnalysisRunner will not be running.
RoslynAnalysisRunner has terminated.
Mono: successfully reloaded assembly
- Completed reload, in  0.895 seconds
Platform modules already initialized, skipping
Shader 'Universal Render Pipeline/Particles/Lit': fallback shader 'Universal Render Pipeline/Particles/SimpleLit' not found
Shader 'Universal Render Pipeline/Particles/Lit': fallback shader 'Universal Render Pipeline/Particles/SimpleLit' not found
Refreshing native plugins compatible for Editor in 0.37 ms, found 0 plugins.
Preloading 0 native plugins for Editor in 0.00 ms.
Unloading 2333 Unused Serialized files (Serialized files now loaded: 0)
System memory in use before: 116.3 MB.
System memory in use after: 114.3 MB.

Unloading 41 unused Assets to reduce memory usage. Loaded Objects now: 2961.
Total: 3.729500 ms (FindLiveObjects: 0.253300 ms CreateObjectMapping: 0.129800 ms MarkObjects: 1.831000 ms  DeleteObjects: 1.514500 ms)

========================================================================
Received Prepare
Registering precompiled user dll's ...
Registered in 0.001352 seconds.
Begin MonoManager ReloadAssembly
Native extension for WindowsStandalone target not found
Refreshing native plugins compatible for Editor in 0.35 ms, found 0 plugins.
Preloading 0 native plugins for Editor in 0.00 ms.
Invoked RoslynAnalysisRunner static constructor.
RoslynAnalysisRunner will not be running.
RoslynAnalysisRunner has terminated.
Mono: successfully reloaded assembly
- Completed reload, in  0.894 seconds
Platform modules already initialized, skipping
Shader 'Universal Render Pipeline/Particles/Lit': fallback shader 'Universal Render Pipeline/Particles/SimpleLit' not found
Shader 'Universal Render Pipeline/Particles/Lit': fallback shader 'Universal Render Pipeline/Particles/SimpleLit' not found
Refreshing native plugins compatible for Editor in 0.35 ms, found 0 plugins.
Preloading 0 native plugins for Editor in 0.00 ms.
Unloading 2333 Unused Serialized files (Serialized files now loaded: 0)
System memory in use before: 116.2 MB.
System memory in use after: 114.2 MB.

Unloading 41 unused Assets to reduce memory usage. Loaded Objects now: 2963.
Total: 3.312500 ms (FindLiveObjects: 0.244900 ms CreateObjectMapping: 0.118200 ms MarkObjects: 1.630900 ms  DeleteObjects: 1.317800 ms)

AssetImportWorkerClient::OnTransportError - code=2 error=End of file
