Using pre-set license
Built from '2020.2/release' branch; Version is '2020.2.1f1 (270dd8c3da1c) revision 2559448'; Using compiler version '192528614'; Build Type 'Release'
OS: 'Windows 10  (10.0.0) 64bit' Language: 'en' Physical Memory: 32665 MB
BatchMode: 1, IsHumanControllingUs: 0, StartBugReporterOnCrash: 0, Is64bit: 1, IsPro: 0

 COMMAND LINE ARGUMENTS:
C:\Program Files\Unity\Hub\Editor\2020.2.1f1\Editor\Unity.exe
-adb2
-batchMode
-noUpm
-name
AssetImportWorker0
-projectPath
C:/Users/Morgan/Desktop/GamesProductionII/Haywire/Game/Haywire
-logFile
Logs/AssetImportWorker0.log
-srvPort
49811
Successfully changed project path to: C:/Users/Morgan/Desktop/GamesProductionII/Haywire/Game/Haywire
C:/Users/Morgan/Desktop/GamesProductionII/Haywire/Game/Haywire
Using Asset Import Pipeline V2.
Refreshing native plugins compatible for Editor in 66.67 ms, found 0 plugins.
Preloading 0 native plugins for Editor in 0.00 ms.
Initialize engine version: 2020.2.1f1 (270dd8c3da1c)
[Subsystems] Discovering subsystems at path C:/Program Files/Unity/Hub/Editor/2020.2.1f1/Editor/Data/Resources/UnitySubsystems
[Subsystems] Discovering subsystems at path C:/Users/Morgan/Desktop/GamesProductionII/Haywire/Game/Haywire/Assets
GfxDevice: creating device client; threaded=0
Direct3D:
    Version:  Direct3D 11.0 [level 11.1]
    Renderer: NVIDIA GeForce RTX 3090 (ID=0x2204)
    Vendor:   
    VRAM:     24348 MB
    Driver:   27.21.14.6089
Initialize mono
Mono path[0] = 'C:/Program Files/Unity/Hub/Editor/2020.2.1f1/Editor/Data/Managed'
Mono path[1] = 'C:/Program Files/Unity/Hub/Editor/2020.2.1f1/Editor/Data/MonoBleedingEdge/lib/mono/unityjit'
Mono config path = 'C:/Program Files/Unity/Hub/Editor/2020.2.1f1/Editor/Data/MonoBleedingEdge/etc'
Using monoOptions --debugger-agent=transport=dt_socket,embedding=1,server=y,suspend=n,address=127.0.0.1:56508
Begin MonoManager ReloadAssembly
Registering precompiled unity dll's ...
Register platform support module: C:/Program Files/Unity/Hub/Editor/2020.2.1f1/Editor/Data/PlaybackEngines/WindowsStandaloneSupport/UnityEditor.WindowsStandalone.Extensions.dll
Registered in 0.001957 seconds.
Native extension for WindowsStandalone target not found
Refreshing native plugins compatible for Editor in 66.66 ms, found 0 plugins.
Preloading 0 native plugins for Editor in 0.00 ms.
Invoked RoslynAnalysisRunner static constructor.
RoslynAnalysisRunner will not be running.
RoslynAnalysisRunner has terminated.
Mono: successfully reloaded assembly
- Completed reload, in  1.771 seconds
Platform modules already initialized, skipping
Registering precompiled user dll's ...
Registered in 0.001578 seconds.
Begin MonoManager ReloadAssembly
Native extension for WindowsStandalone target not found
Refreshing native plugins compatible for Editor in 71.50 ms, found 0 plugins.
Preloading 0 native plugins for Editor in 0.00 ms.
Invoked RoslynAnalysisRunner static constructor.
RoslynAnalysisRunner will not be running.
RoslynAnalysisRunner has terminated.
Mono: successfully reloaded assembly
- Completed reload, in  1.311 seconds
Platform modules already initialized, skipping
========================================================================
Worker process is ready to serve import requests
Launched and connected shader compiler UnityShaderCompiler.exe after 0.03 seconds
Refreshing native plugins compatible for Editor in 0.52 ms, found 0 plugins.
Preloading 0 native plugins for Editor in 0.00 ms.
Unloading 3457 Unused Serialized files (Serialized files now loaded: 0)
System memory in use before: 170.2 MB.
System memory in use after: 167.5 MB.

Unloading 44 unused Assets to reduce memory usage. Loaded Objects now: 3884.
Total: 4.406900 ms (FindLiveObjects: 0.296400 ms CreateObjectMapping: 0.211400 ms MarkObjects: 1.888700 ms  DeleteObjects: 2.009600 ms)

========================================================================
Received Import Request.
  path: Assets/Classes/Managers
  artifactKey: Guid(2ee9ef9d9ecba834b9b30fff44091d80) Importer(815301076,1909f56bfc062723c751e8b465ee728b)
Start importing Assets/Classes/Managers using Guid(2ee9ef9d9ecba834b9b30fff44091d80) Importer(815301076,1909f56bfc062723c751e8b465ee728b)  -> (artifact id: '0bf4b4fd61d4ac260bed9800e0af2f84') in 0.007566 seconds
  Import took 0.012786 seconds .

========================================================================
Received Import Request.
  Time since last request: 6.505229 seconds.
  path: Assets/Classes/Managers/GameManagerComponent.cs
  artifactKey: Guid(5239d7f3bfad35940ae9c4fd3c617092) Importer(815301076,1909f56bfc062723c751e8b465ee728b)
Start importing Assets/Classes/Managers/GameManagerComponent.cs using Guid(5239d7f3bfad35940ae9c4fd3c617092) Importer(815301076,1909f56bfc062723c751e8b465ee728b)  -> (artifact id: '529fc4a16ca64e5e478a420ff22873e8') in 0.020722 seconds
  Import took 0.025634 seconds .

========================================================================
Received Prepare
Registering precompiled user dll's ...
Registered in 0.001548 seconds.
Begin MonoManager ReloadAssembly
Native extension for WindowsStandalone target not found
Refreshing native plugins compatible for Editor in 0.54 ms, found 0 plugins.
Preloading 0 native plugins for Editor in 0.00 ms.
Invoked RoslynAnalysisRunner static constructor.
RoslynAnalysisRunner will not be running.
RoslynAnalysisRunner has terminated.
Mono: successfully reloaded assembly
- Completed reload, in  1.038 seconds
Platform modules already initialized, skipping
Refreshing native plugins compatible for Editor in 0.52 ms, found 0 plugins.
Preloading 0 native plugins for Editor in 0.00 ms.
Unloading 3214 Unused Serialized files (Serialized files now loaded: 0)
System memory in use before: 161.1 MB.
System memory in use after: 158.5 MB.

Unloading 39 unused Assets to reduce memory usage. Loaded Objects now: 3887.
Total: 4.570400 ms (FindLiveObjects: 0.295300 ms CreateObjectMapping: 0.194600 ms MarkObjects: 2.008200 ms  DeleteObjects: 2.071300 ms)

========================================================================
Received Prepare
Registering precompiled user dll's ...
Registered in 0.001562 seconds.
Begin MonoManager ReloadAssembly
Native extension for WindowsStandalone target not found
Refreshing native plugins compatible for Editor in 0.51 ms, found 0 plugins.
Preloading 0 native plugins for Editor in 0.00 ms.
Invoked RoslynAnalysisRunner static constructor.
RoslynAnalysisRunner will not be running.
RoslynAnalysisRunner has terminated.
Mono: successfully reloaded assembly
- Completed reload, in  1.032 seconds
Platform modules already initialized, skipping
Refreshing native plugins compatible for Editor in 0.52 ms, found 0 plugins.
Preloading 0 native plugins for Editor in 0.00 ms.
Unloading 3214 Unused Serialized files (Serialized files now loaded: 0)
System memory in use before: 161.2 MB.
System memory in use after: 158.6 MB.

Unloading 39 unused Assets to reduce memory usage. Loaded Objects now: 3889.
Total: 4.535200 ms (FindLiveObjects: 0.291300 ms CreateObjectMapping: 0.169800 ms MarkObjects: 1.916100 ms  DeleteObjects: 2.157400 ms)

========================================================================
Received Import Request.
  Time since last request: 650.194369 seconds.
  path: Assets/Classes/Managers/GameManagerComponent.cs
  artifactKey: Guid(5239d7f3bfad35940ae9c4fd3c617092) Importer(815301076,1909f56bfc062723c751e8b465ee728b)
Start importing Assets/Classes/Managers/GameManagerComponent.cs using Guid(5239d7f3bfad35940ae9c4fd3c617092) Importer(815301076,1909f56bfc062723c751e8b465ee728b)  -> (artifact id: 'b3574be05cf6627aef7a3470025ff04d') in 0.005776 seconds
  Import took 0.010559 seconds .

========================================================================
Received Import Request.
  Time since last request: 100.275834 seconds.
  path: Assets/Art/Images/0.png
  artifactKey: Guid(7960d424792cf07408ed9ee293e3b5df) Importer(815301076,1909f56bfc062723c751e8b465ee728b)
Start importing Assets/Art/Images/0.png using Guid(7960d424792cf07408ed9ee293e3b5df) Importer(815301076,1909f56bfc062723c751e8b465ee728b)  -> (artifact id: '6dd09b3207c9d555ea2e8707119473fd') in 0.105045 seconds
  Import took 0.110083 seconds .

========================================================================
Received Import Request.
  Time since last request: 0.000156 seconds.
  path: Assets/Art/Images/1.png
  artifactKey: Guid(7bcfde009a4ebe441b3125446ec14681) Importer(815301076,1909f56bfc062723c751e8b465ee728b)
Start importing Assets/Art/Images/1.png using Guid(7bcfde009a4ebe441b3125446ec14681) Importer(815301076,1909f56bfc062723c751e8b465ee728b)  -> (artifact id: 'a1c9ce0c0564d524e08b36252aa41390') in 0.010535 seconds
  Import took 0.015339 seconds .

========================================================================
Received Import Request.
  Time since last request: 0.000138 seconds.
  path: Assets/Art/Images/0.png
  artifactKey: Guid(7960d424792cf07408ed9ee293e3b5df) Importer(815301076,1909f56bfc062723c751e8b465ee728b)
Start importing Assets/Art/Images/0.png using Guid(7960d424792cf07408ed9ee293e3b5df) Importer(815301076,1909f56bfc062723c751e8b465ee728b)  -> (artifact id: '6dd09b3207c9d555ea2e8707119473fd') in 0.008462 seconds
  Import took 0.013185 seconds .

========================================================================
Received Import Request.
  Time since last request: 0.000167 seconds.
  path: Assets/Art/Images/1.png
  artifactKey: Guid(7bcfde009a4ebe441b3125446ec14681) Importer(815301076,1909f56bfc062723c751e8b465ee728b)
Start importing Assets/Art/Images/1.png using Guid(7bcfde009a4ebe441b3125446ec14681) Importer(815301076,1909f56bfc062723c751e8b465ee728b)  -> (artifact id: 'a1c9ce0c0564d524e08b36252aa41390') in 0.008171 seconds
  Import took 0.013043 seconds .

========================================================================
Received Import Request.
  Time since last request: 684.935708 seconds.
  path: Assets/Art/Images
  artifactKey: Guid(65b2c1fa0bb680e42a377f0e5c94463d) Importer(815301076,1909f56bfc062723c751e8b465ee728b)
Start importing Assets/Art/Images using Guid(65b2c1fa0bb680e42a377f0e5c94463d) Importer(815301076,1909f56bfc062723c751e8b465ee728b)  -> (artifact id: '02388d896b93472a0ea17bd517a817fd') in 0.004055 seconds
  Import took 0.010104 seconds .

========================================================================
Received Import Request.
  Time since last request: 0.000750 seconds.
  path: Assets/Art/Images
  artifactKey: Guid(65b2c1fa0bb680e42a377f0e5c94463d) Importer(815301076,1909f56bfc062723c751e8b465ee728b)
Start importing Assets/Art/Images using Guid(65b2c1fa0bb680e42a377f0e5c94463d) Importer(815301076,1909f56bfc062723c751e8b465ee728b)  -> (artifact id: '02388d896b93472a0ea17bd517a817fd') in 0.003131 seconds
  Import took 0.008675 seconds .

========================================================================
Received Import Request.
  Time since last request: 6.028781 seconds.
  path: Assets/Art/UI
  artifactKey: Guid(58be3866c3e6fcd4cb4c9d844c1839b1) Importer(815301076,1909f56bfc062723c751e8b465ee728b)
Start importing Assets/Art/UI using Guid(58be3866c3e6fcd4cb4c9d844c1839b1) Importer(815301076,1909f56bfc062723c751e8b465ee728b)  -> (artifact id: 'd29350f3f7f348eaa870dcbc5dffb49e') in 0.003798 seconds
  Import took 0.008832 seconds .

========================================================================
Received Import Request.
  Time since last request: 0.003213 seconds.
  path: Assets/Art/UI
  artifactKey: Guid(58be3866c3e6fcd4cb4c9d844c1839b1) Importer(815301076,1909f56bfc062723c751e8b465ee728b)
Start importing Assets/Art/UI using Guid(58be3866c3e6fcd4cb4c9d844c1839b1) Importer(815301076,1909f56bfc062723c751e8b465ee728b)  -> (artifact id: 'd29350f3f7f348eaa870dcbc5dffb49e') in 0.002854 seconds
  Import took 0.007752 seconds .

========================================================================
Received Import Request.
  Time since last request: 7.341389 seconds.
  path: Assets/Art/UI/HealthBarAssets
  artifactKey: Guid(a875ce8dd0a8d01438c0249160603baf) Importer(815301076,1909f56bfc062723c751e8b465ee728b)
Start importing Assets/Art/UI/HealthBarAssets using Guid(a875ce8dd0a8d01438c0249160603baf) Importer(815301076,1909f56bfc062723c751e8b465ee728b)  -> (artifact id: '2aa58f04be516ee6b2b0bc47c13ddc03') in 0.003734 seconds
  Import took 0.008903 seconds .

========================================================================
Received Import Request.
  Time since last request: 31.238314 seconds.
  path: Assets/Art/UI/HealthBarAssets/Bar.png
  artifactKey: Guid(60b0379da9b4e3048b640b7e3f30f654) Importer(815301076,1909f56bfc062723c751e8b465ee728b)
Start importing Assets/Art/UI/HealthBarAssets/Bar.png using Guid(60b0379da9b4e3048b640b7e3f30f654) Importer(815301076,1909f56bfc062723c751e8b465ee728b)  -> (artifact id: 'e43118d5ce74e1a10f7fa711d041c1f4') in 0.015777 seconds
  Import took 0.021010 seconds .

========================================================================
Received Import Request.
  Time since last request: 5.957955 seconds.
  path: Assets/Art/UI/HealthBarAssets/Bar.png
  artifactKey: Guid(60b0379da9b4e3048b640b7e3f30f654) Importer(815301076,1909f56bfc062723c751e8b465ee728b)
Start importing Assets/Art/UI/HealthBarAssets/Bar.png using Guid(60b0379da9b4e3048b640b7e3f30f654) Importer(815301076,1909f56bfc062723c751e8b465ee728b)  -> (artifact id: 'a809f8eda93995b22f1460a2460bd902') in 0.022363 seconds
  Import took 0.027474 seconds .

========================================================================
Received Import Request.
  Time since last request: 55.127089 seconds.
  path: Assets/Art/UI/HealthBarAssets/BarBackgroun.png
  artifactKey: Guid(9a39d556ddb4efc468848c859e27482c) Importer(815301076,1909f56bfc062723c751e8b465ee728b)
Start importing Assets/Art/UI/HealthBarAssets/BarBackgroun.png using Guid(9a39d556ddb4efc468848c859e27482c) Importer(815301076,1909f56bfc062723c751e8b465ee728b)  -> (artifact id: '06ca10f3a6a523e7ef8fc46c9dd2bad7') in 0.008682 seconds
  Import took 0.013739 seconds .

========================================================================
Received Import Request.
  Time since last request: 0.003296 seconds.
  path: Assets/Art/UI/HealthBarAssets/BarBackgroun.png
  artifactKey: Guid(9a39d556ddb4efc468848c859e27482c) Importer(815301076,1909f56bfc062723c751e8b465ee728b)
Start importing Assets/Art/UI/HealthBarAssets/BarBackgroun.png using Guid(9a39d556ddb4efc468848c859e27482c) Importer(815301076,1909f56bfc062723c751e8b465ee728b)  -> (artifact id: '06ca10f3a6a523e7ef8fc46c9dd2bad7') in 0.006649 seconds
  Import took 0.011585 seconds .

========================================================================
Received Import Request.
  Time since last request: 6.920948 seconds.
  path: Assets/Art/UI/HealthBarAssets/BarBackgroun.png
  artifactKey: Guid(9a39d556ddb4efc468848c859e27482c) Importer(815301076,1909f56bfc062723c751e8b465ee728b)
Start importing Assets/Art/UI/HealthBarAssets/BarBackgroun.png using Guid(9a39d556ddb4efc468848c859e27482c) Importer(815301076,1909f56bfc062723c751e8b465ee728b)  -> (artifact id: 'daa0a4dd7f310bb1b1c7085c12618e56') in 0.023065 seconds
  Import took 0.028086 seconds .

========================================================================
Received Import Request.
  Time since last request: 160.595434 seconds.
  path: Assets/Classes/UI
  artifactKey: Guid(f1bbb46782ef42349b7a110c29695ddd) Importer(815301076,1909f56bfc062723c751e8b465ee728b)
Start importing Assets/Classes/UI using Guid(f1bbb46782ef42349b7a110c29695ddd) Importer(815301076,1909f56bfc062723c751e8b465ee728b)  -> (artifact id: '696d5428bf784cb9ed7f87d9f5c64084') in 0.003108 seconds
  Import took 0.009053 seconds .

========================================================================
Received Import Request.
  Time since last request: 0.000450 seconds.
  path: Assets/Classes/UI
  artifactKey: Guid(f1bbb46782ef42349b7a110c29695ddd) Importer(815301076,1909f56bfc062723c751e8b465ee728b)
Start importing Assets/Classes/UI using Guid(f1bbb46782ef42349b7a110c29695ddd) Importer(815301076,1909f56bfc062723c751e8b465ee728b)  -> (artifact id: '696d5428bf784cb9ed7f87d9f5c64084') in 0.002904 seconds
  Import took 0.007802 seconds .

========================================================================
Received Import Request.
  Time since last request: 14.745358 seconds.
  path: Assets/Classes/UI/UI_HealthBar.cs
  artifactKey: Guid(e7a67238008c78943831caef03ce45cd) Importer(815301076,1909f56bfc062723c751e8b465ee728b)
Start importing Assets/Classes/UI/UI_HealthBar.cs using Guid(e7a67238008c78943831caef03ce45cd) Importer(815301076,1909f56bfc062723c751e8b465ee728b)  -> (artifact id: 'ebf488b432eae18242e0df9f071486b6') in 0.003778 seconds
  Import took 0.008739 seconds .

========================================================================
Received Prepare
Registering precompiled user dll's ...
Registered in 0.001543 seconds.
Begin MonoManager ReloadAssembly
Native extension for WindowsStandalone target not found
Refreshing native plugins compatible for Editor in 0.67 ms, found 0 plugins.
Preloading 0 native plugins for Editor in 0.00 ms.
Invoked RoslynAnalysisRunner static constructor.
RoslynAnalysisRunner will not be running.
RoslynAnalysisRunner has terminated.
Mono: successfully reloaded assembly
- Completed reload, in  1.051 seconds
Platform modules already initialized, skipping
Refreshing native plugins compatible for Editor in 0.56 ms, found 0 plugins.
Preloading 0 native plugins for Editor in 0.00 ms.
Unloading 3215 Unused Serialized files (Serialized files now loaded: 0)
System memory in use before: 164.2 MB.
System memory in use after: 161.6 MB.

Unloading 39 unused Assets to reduce memory usage. Loaded Objects now: 3906.
Total: 4.116000 ms (FindLiveObjects: 0.275100 ms CreateObjectMapping: 0.168300 ms MarkObjects: 1.729800 ms  DeleteObjects: 1.941700 ms)

========================================================================
Received Prepare
Registering precompiled user dll's ...
Registered in 0.001557 seconds.
Begin MonoManager ReloadAssembly
Native extension for WindowsStandalone target not found
Refreshing native plugins compatible for Editor in 0.51 ms, found 0 plugins.
Preloading 0 native plugins for Editor in 0.00 ms.
Invoked RoslynAnalysisRunner static constructor.
RoslynAnalysisRunner will not be running.
RoslynAnalysisRunner has terminated.
Mono: successfully reloaded assembly
- Completed reload, in  1.029 seconds
Platform modules already initialized, skipping
Refreshing native plugins compatible for Editor in 0.54 ms, found 0 plugins.
Preloading 0 native plugins for Editor in 0.00 ms.
Unloading 3215 Unused Serialized files (Serialized files now loaded: 0)
System memory in use before: 164.2 MB.
System memory in use after: 161.6 MB.

Unloading 39 unused Assets to reduce memory usage. Loaded Objects now: 3908.
Total: 4.568700 ms (FindLiveObjects: 0.275900 ms CreateObjectMapping: 0.167400 ms MarkObjects: 1.943800 ms  DeleteObjects: 2.180800 ms)

========================================================================
Received Import Request.
  Time since last request: 317.467289 seconds.
  path: Assets/Classes/UI/UI_HealthBar.cs
  artifactKey: Guid(e7a67238008c78943831caef03ce45cd) Importer(815301076,1909f56bfc062723c751e8b465ee728b)
Start importing Assets/Classes/UI/UI_HealthBar.cs using Guid(e7a67238008c78943831caef03ce45cd) Importer(815301076,1909f56bfc062723c751e8b465ee728b)  -> (artifact id: '4b9799fa287f86a6472976e4cc2c33cb') in 0.006022 seconds
  Import took 0.011021 seconds .

========================================================================
Received Prepare
Registering precompiled user dll's ...
Registered in 0.001542 seconds.
Begin MonoManager ReloadAssembly
Native extension for WindowsStandalone target not found
Refreshing native plugins compatible for Editor in 0.52 ms, found 0 plugins.
Preloading 0 native plugins for Editor in 0.00 ms.
Invoked RoslynAnalysisRunner static constructor.
RoslynAnalysisRunner will not be running.
RoslynAnalysisRunner has terminated.
Mono: successfully reloaded assembly
- Completed reload, in  1.029 seconds
Platform modules already initialized, skipping
Refreshing native plugins compatible for Editor in 0.53 ms, found 0 plugins.
Preloading 0 native plugins for Editor in 0.00 ms.
Unloading 3215 Unused Serialized files (Serialized files now loaded: 0)
System memory in use before: 164.2 MB.
System memory in use after: 161.6 MB.

Unloading 39 unused Assets to reduce memory usage. Loaded Objects now: 3910.
Total: 4.516400 ms (FindLiveObjects: 0.304900 ms CreateObjectMapping: 0.159500 ms MarkObjects: 1.860900 ms  DeleteObjects: 2.189900 ms)

========================================================================
Received Import Request.
  Time since last request: 202.973935 seconds.
  path: Assets/Classes/UI/UI_HealthBar.cs
  artifactKey: Guid(e7a67238008c78943831caef03ce45cd) Importer(815301076,1909f56bfc062723c751e8b465ee728b)
Start importing Assets/Classes/UI/UI_HealthBar.cs using Guid(e7a67238008c78943831caef03ce45cd) Importer(815301076,1909f56bfc062723c751e8b465ee728b)  -> (artifact id: '20cb904591aeb6a5a346345da1b2e8e7') in 0.005920 seconds
  Import took 0.011124 seconds .

========================================================================
Received Prepare
Registering precompiled user dll's ...
Registered in 0.001504 seconds.
Begin MonoManager ReloadAssembly
Native extension for WindowsStandalone target not found
Refreshing native plugins compatible for Editor in 0.53 ms, found 0 plugins.
Preloading 0 native plugins for Editor in 0.00 ms.
Invoked RoslynAnalysisRunner static constructor.
RoslynAnalysisRunner will not be running.
RoslynAnalysisRunner has terminated.
Mono: successfully reloaded assembly
- Completed reload, in  1.024 seconds
Platform modules already initialized, skipping
Refreshing native plugins compatible for Editor in 0.52 ms, found 0 plugins.
Preloading 0 native plugins for Editor in 0.00 ms.
Unloading 3215 Unused Serialized files (Serialized files now loaded: 0)
System memory in use before: 164.3 MB.
System memory in use after: 161.6 MB.

Unloading 39 unused Assets to reduce memory usage. Loaded Objects now: 3912.
Total: 4.567300 ms (FindLiveObjects: 0.309000 ms CreateObjectMapping: 0.162500 ms MarkObjects: 1.888400 ms  DeleteObjects: 2.206700 ms)

========================================================================
Received Prepare
Registering precompiled user dll's ...
Registered in 0.001602 seconds.
Begin MonoManager ReloadAssembly
Native extension for WindowsStandalone target not found
Refreshing native plugins compatible for Editor in 0.52 ms, found 0 plugins.
Preloading 0 native plugins for Editor in 0.00 ms.
Invoked RoslynAnalysisRunner static constructor.
RoslynAnalysisRunner will not be running.
RoslynAnalysisRunner has terminated.
Mono: successfully reloaded assembly
- Completed reload, in  1.055 seconds
Platform modules already initialized, skipping
Refreshing native plugins compatible for Editor in 0.52 ms, found 0 plugins.
Preloading 0 native plugins for Editor in 0.00 ms.
Unloading 3215 Unused Serialized files (Serialized files now loaded: 0)
System memory in use before: 164.2 MB.
System memory in use after: 161.6 MB.

Unloading 39 unused Assets to reduce memory usage. Loaded Objects now: 3914.
Total: 4.537800 ms (FindLiveObjects: 0.301300 ms CreateObjectMapping: 0.167900 ms MarkObjects: 1.818000 ms  DeleteObjects: 2.249000 ms)

========================================================================
Received Prepare
Registering precompiled user dll's ...
Registered in 0.001569 seconds.
Begin MonoManager ReloadAssembly
Native extension for WindowsStandalone target not found
Refreshing native plugins compatible for Editor in 0.53 ms, found 0 plugins.
Preloading 0 native plugins for Editor in 0.00 ms.
Invoked RoslynAnalysisRunner static constructor.
RoslynAnalysisRunner will not be running.
RoslynAnalysisRunner has terminated.
Mono: successfully reloaded assembly
- Completed reload, in  1.038 seconds
Platform modules already initialized, skipping
Refreshing native plugins compatible for Editor in 0.52 ms, found 0 plugins.
Preloading 0 native plugins for Editor in 0.00 ms.
Unloading 3215 Unused Serialized files (Serialized files now loaded: 0)
System memory in use before: 164.3 MB.
System memory in use after: 161.7 MB.

Unloading 39 unused Assets to reduce memory usage. Loaded Objects now: 3916.
Total: 4.676400 ms (FindLiveObjects: 0.272500 ms CreateObjectMapping: 0.166900 ms MarkObjects: 1.987000 ms  DeleteObjects: 2.248800 ms)

========================================================================
Received Prepare
Registering precompiled user dll's ...
Registered in 0.001568 seconds.
Begin MonoManager ReloadAssembly
Native extension for WindowsStandalone target not found
Refreshing native plugins compatible for Editor in 0.52 ms, found 0 plugins.
Preloading 0 native plugins for Editor in 0.00 ms.
Invoked RoslynAnalysisRunner static constructor.
RoslynAnalysisRunner will not be running.
RoslynAnalysisRunner has terminated.
Mono: successfully reloaded assembly
- Completed reload, in  1.017 seconds
Platform modules already initialized, skipping
Refreshing native plugins compatible for Editor in 0.50 ms, found 0 plugins.
Preloading 0 native plugins for Editor in 0.00 ms.
Unloading 3215 Unused Serialized files (Serialized files now loaded: 0)
System memory in use before: 164.2 MB.
System memory in use after: 161.6 MB.

Unloading 39 unused Assets to reduce memory usage. Loaded Objects now: 3918.
Total: 4.707800 ms (FindLiveObjects: 0.283300 ms CreateObjectMapping: 0.173100 ms MarkObjects: 1.945400 ms  DeleteObjects: 2.305400 ms)

========================================================================
Received Prepare
Registering precompiled user dll's ...
Registered in 0.001539 seconds.
Begin MonoManager ReloadAssembly
Native extension for WindowsStandalone target not found
Refreshing native plugins compatible for Editor in 0.55 ms, found 0 plugins.
Preloading 0 native plugins for Editor in 0.00 ms.
Invoked RoslynAnalysisRunner static constructor.
RoslynAnalysisRunner will not be running.
RoslynAnalysisRunner has terminated.
Mono: successfully reloaded assembly
- Completed reload, in  1.028 seconds
Platform modules already initialized, skipping
Refreshing native plugins compatible for Editor in 0.56 ms, found 0 plugins.
Preloading 0 native plugins for Editor in 0.00 ms.
Unloading 3215 Unused Serialized files (Serialized files now loaded: 0)
System memory in use before: 164.3 MB.
System memory in use after: 161.7 MB.

Unloading 39 unused Assets to reduce memory usage. Loaded Objects now: 3920.
Total: 4.624700 ms (FindLiveObjects: 0.318800 ms CreateObjectMapping: 0.204300 ms MarkObjects: 1.820600 ms  DeleteObjects: 2.279900 ms)

========================================================================
Received Prepare
Registering precompiled user dll's ...
Registered in 0.001503 seconds.
Begin MonoManager ReloadAssembly
Native extension for WindowsStandalone target not found
Refreshing native plugins compatible for Editor in 0.52 ms, found 0 plugins.
Preloading 0 native plugins for Editor in 0.00 ms.
Invoked RoslynAnalysisRunner static constructor.
RoslynAnalysisRunner will not be running.
RoslynAnalysisRunner has terminated.
Mono: successfully reloaded assembly
- Completed reload, in  1.051 seconds
Platform modules already initialized, skipping
Refreshing native plugins compatible for Editor in 0.52 ms, found 0 plugins.
Preloading 0 native plugins for Editor in 0.00 ms.
Unloading 3215 Unused Serialized files (Serialized files now loaded: 0)
System memory in use before: 164.3 MB.
System memory in use after: 161.6 MB.

Unloading 39 unused Assets to reduce memory usage. Loaded Objects now: 3922.
Total: 5.107200 ms (FindLiveObjects: 0.471600 ms CreateObjectMapping: 0.264600 ms MarkObjects: 2.041100 ms  DeleteObjects: 2.328900 ms)

========================================================================
Received Prepare
Registering precompiled user dll's ...
Registered in 0.001491 seconds.
Begin MonoManager ReloadAssembly
Native extension for WindowsStandalone target not found
Refreshing native plugins compatible for Editor in 0.54 ms, found 0 plugins.
Preloading 0 native plugins for Editor in 0.00 ms.
Invoked RoslynAnalysisRunner static constructor.
RoslynAnalysisRunner will not be running.
RoslynAnalysisRunner has terminated.
Mono: successfully reloaded assembly
- Completed reload, in  1.056 seconds
Platform modules already initialized, skipping
Refreshing native plugins compatible for Editor in 0.51 ms, found 0 plugins.
Preloading 0 native plugins for Editor in 0.00 ms.
Unloading 3215 Unused Serialized files (Serialized files now loaded: 0)
System memory in use before: 164.3 MB.
System memory in use after: 161.7 MB.

Unloading 39 unused Assets to reduce memory usage. Loaded Objects now: 3924.
Total: 4.596100 ms (FindLiveObjects: 0.274500 ms CreateObjectMapping: 0.174200 ms MarkObjects: 1.890200 ms  DeleteObjects: 2.256200 ms)

========================================================================
Received Prepare
Registering precompiled user dll's ...
Registered in 0.001550 seconds.
Begin MonoManager ReloadAssembly
Native extension for WindowsStandalone target not found
Refreshing native plugins compatible for Editor in 0.52 ms, found 0 plugins.
Preloading 0 native plugins for Editor in 0.00 ms.
Invoked RoslynAnalysisRunner static constructor.
RoslynAnalysisRunner will not be running.
RoslynAnalysisRunner has terminated.
Mono: successfully reloaded assembly
- Completed reload, in  1.041 seconds
Platform modules already initialized, skipping
Refreshing native plugins compatible for Editor in 0.52 ms, found 0 plugins.
Preloading 0 native plugins for Editor in 0.00 ms.
Unloading 3215 Unused Serialized files (Serialized files now loaded: 0)
System memory in use before: 164.3 MB.
System memory in use after: 161.6 MB.

Unloading 39 unused Assets to reduce memory usage. Loaded Objects now: 3926.
Total: 4.479200 ms (FindLiveObjects: 0.299400 ms CreateObjectMapping: 0.191400 ms MarkObjects: 1.744300 ms  DeleteObjects: 2.243300 ms)

========================================================================
Received Prepare
Registering precompiled user dll's ...
Registered in 0.001567 seconds.
Begin MonoManager ReloadAssembly
Native extension for WindowsStandalone target not found
Refreshing native plugins compatible for Editor in 0.51 ms, found 0 plugins.
Preloading 0 native plugins for Editor in 0.00 ms.
Invoked RoslynAnalysisRunner static constructor.
RoslynAnalysisRunner will not be running.
RoslynAnalysisRunner has terminated.
Mono: successfully reloaded assembly
- Completed reload, in  1.040 seconds
Platform modules already initialized, skipping
Refreshing native plugins compatible for Editor in 0.51 ms, found 0 plugins.
Preloading 0 native plugins for Editor in 0.00 ms.
Unloading 3215 Unused Serialized files (Serialized files now loaded: 0)
System memory in use before: 164.3 MB.
System memory in use after: 161.7 MB.

Unloading 39 unused Assets to reduce memory usage. Loaded Objects now: 3928.
Total: 5.023800 ms (FindLiveObjects: 0.312500 ms CreateObjectMapping: 0.203000 ms MarkObjects: 2.133400 ms  DeleteObjects: 2.373600 ms)

========================================================================
Received Import Request.
  Time since last request: 683.663258 seconds.
  path: Assets/Classes/UI/UI_HealthBar.cs
  artifactKey: Guid(e7a67238008c78943831caef03ce45cd) Importer(815301076,1909f56bfc062723c751e8b465ee728b)
Start importing Assets/Classes/UI/UI_HealthBar.cs using Guid(e7a67238008c78943831caef03ce45cd) Importer(815301076,1909f56bfc062723c751e8b465ee728b)  -> (artifact id: 'fd30f469d92cb4a14741f4131a419d91') in 0.008016 seconds
  Import took 0.014716 seconds .

========================================================================
Received Import Request.
  Time since last request: 0.001025 seconds.
  path: Assets/Classes/UI/UI_HealthBar.cs
  artifactKey: Guid(e7a67238008c78943831caef03ce45cd) Importer(815301076,1909f56bfc062723c751e8b465ee728b)
Start importing Assets/Classes/UI/UI_HealthBar.cs using Guid(e7a67238008c78943831caef03ce45cd) Importer(815301076,1909f56bfc062723c751e8b465ee728b)  -> (artifact id: 'fd30f469d92cb4a14741f4131a419d91') in 0.003005 seconds
  Import took 0.007848 seconds .

========================================================================
Received Prepare
Registering precompiled user dll's ...
Registered in 0.002197 seconds.
Begin MonoManager ReloadAssembly
Native extension for WindowsStandalone target not found
Refreshing native plugins compatible for Editor in 0.52 ms, found 0 plugins.
Preloading 0 native plugins for Editor in 0.00 ms.
Invoked RoslynAnalysisRunner static constructor.
RoslynAnalysisRunner will not be running.
RoslynAnalysisRunner has terminated.
Mono: successfully reloaded assembly
- Completed reload, in  1.033 seconds
Platform modules already initialized, skipping
Refreshing native plugins compatible for Editor in 0.54 ms, found 0 plugins.
Preloading 0 native plugins for Editor in 0.00 ms.
Unloading 3215 Unused Serialized files (Serialized files now loaded: 0)
System memory in use before: 164.3 MB.
System memory in use after: 161.7 MB.

Unloading 39 unused Assets to reduce memory usage. Loaded Objects now: 3930.
Total: 4.488400 ms (FindLiveObjects: 0.307200 ms CreateObjectMapping: 0.172500 ms MarkObjects: 1.787800 ms  DeleteObjects: 2.219600 ms)

========================================================================
Received Import Request.
  Time since last request: 96.770702 seconds.
  path: Assets/Classes/UI/UI_HealthBar.cs
  artifactKey: Guid(e7a67238008c78943831caef03ce45cd) Importer(815301076,1909f56bfc062723c751e8b465ee728b)
Start importing Assets/Classes/UI/UI_HealthBar.cs using Guid(e7a67238008c78943831caef03ce45cd) Importer(815301076,1909f56bfc062723c751e8b465ee728b)  -> (artifact id: 'a2e7073376f09406e17d040bacf64102') in 0.005646 seconds
  Import took 0.010481 seconds .

========================================================================
Received Import Request.
  Time since last request: 13.002156 seconds.
  path: Assets/Classes/AI
  artifactKey: Guid(a09fcfc96668c90468ad77d40b0f0d32) Importer(815301076,1909f56bfc062723c751e8b465ee728b)
Start importing Assets/Classes/AI using Guid(a09fcfc96668c90468ad77d40b0f0d32) Importer(815301076,1909f56bfc062723c751e8b465ee728b)  -> (artifact id: '339f7500fa91ae22bf37072ae3ee8e5f') in 0.003909 seconds
  Import took 0.008830 seconds .

========================================================================
Received Prepare
Registering precompiled user dll's ...
Registered in 0.001512 seconds.
Begin MonoManager ReloadAssembly
Native extension for WindowsStandalone target not found
Refreshing native plugins compatible for Editor in 0.53 ms, found 0 plugins.
Preloading 0 native plugins for Editor in 0.00 ms.
Invoked RoslynAnalysisRunner static constructor.
RoslynAnalysisRunner will not be running.
RoslynAnalysisRunner has terminated.
Mono: successfully reloaded assembly
- Completed reload, in  1.016 seconds
Platform modules already initialized, skipping
Refreshing native plugins compatible for Editor in 0.53 ms, found 0 plugins.
Preloading 0 native plugins for Editor in 0.00 ms.
Unloading 3215 Unused Serialized files (Serialized files now loaded: 0)
System memory in use before: 164.3 MB.
System memory in use after: 161.7 MB.

Unloading 39 unused Assets to reduce memory usage. Loaded Objects now: 3932.
Total: 4.877300 ms (FindLiveObjects: 0.504100 ms CreateObjectMapping: 0.291900 ms MarkObjects: 1.830100 ms  DeleteObjects: 2.249900 ms)

========================================================================
Received Prepare
Registering precompiled user dll's ...
Registered in 0.001593 seconds.
Begin MonoManager ReloadAssembly
Native extension for WindowsStandalone target not found
Refreshing native plugins compatible for Editor in 0.55 ms, found 0 plugins.
Preloading 0 native plugins for Editor in 0.00 ms.
Invoked RoslynAnalysisRunner static constructor.
RoslynAnalysisRunner will not be running.
RoslynAnalysisRunner has terminated.
Mono: successfully reloaded assembly
- Completed reload, in  1.030 seconds
Platform modules already initialized, skipping
Refreshing native plugins compatible for Editor in 0.51 ms, found 0 plugins.
Preloading 0 native plugins for Editor in 0.00 ms.
Unloading 3215 Unused Serialized files (Serialized files now loaded: 0)
System memory in use before: 164.3 MB.
System memory in use after: 161.7 MB.

Unloading 39 unused Assets to reduce memory usage. Loaded Objects now: 3934.
Total: 4.792000 ms (FindLiveObjects: 0.315300 ms CreateObjectMapping: 0.193100 ms MarkObjects: 1.975000 ms  DeleteObjects: 2.307900 ms)

========================================================================
Received Prepare
Registering precompiled user dll's ...
Registered in 0.001577 seconds.
Begin MonoManager ReloadAssembly
Native extension for WindowsStandalone target not found
Refreshing native plugins compatible for Editor in 0.51 ms, found 0 plugins.
Preloading 0 native plugins for Editor in 0.00 ms.
Invoked RoslynAnalysisRunner static constructor.
RoslynAnalysisRunner will not be running.
RoslynAnalysisRunner has terminated.
Mono: successfully reloaded assembly
- Completed reload, in  1.011 seconds
Platform modules already initialized, skipping
Refreshing native plugins compatible for Editor in 0.52 ms, found 0 plugins.
Preloading 0 native plugins for Editor in 0.00 ms.
Unloading 3215 Unused Serialized files (Serialized files now loaded: 0)
System memory in use before: 164.3 MB.
System memory in use after: 161.7 MB.

Unloading 39 unused Assets to reduce memory usage. Loaded Objects now: 3936.
Total: 4.517400 ms (FindLiveObjects: 0.340100 ms CreateObjectMapping: 0.184600 ms MarkObjects: 1.764800 ms  DeleteObjects: 2.227000 ms)

========================================================================
Received Import Request.
  Time since last request: 344.967066 seconds.
  path: Assets/Classes/Camera
  artifactKey: Guid(d2b80e8ea2a1e7044a75e7ba42409ff8) Importer(815301076,1909f56bfc062723c751e8b465ee728b)
Start importing Assets/Classes/Camera using Guid(d2b80e8ea2a1e7044a75e7ba42409ff8) Importer(815301076,1909f56bfc062723c751e8b465ee728b)  -> (artifact id: 'a7836369c7f9c1ffb9eff77ce4cdd119') in 0.006583 seconds
  Import took 0.011387 seconds .

========================================================================
Received Import Request.
  Time since last request: 0.275233 seconds.
  path: Assets/Classes/Character/CharacterMovementComponent.cs
  artifactKey: Guid(7602853a46707cf47800853bd36f0402) Importer(815301076,1909f56bfc062723c751e8b465ee728b)
Start importing Assets/Classes/Character/CharacterMovementComponent.cs using Guid(7602853a46707cf47800853bd36f0402) Importer(815301076,1909f56bfc062723c751e8b465ee728b)  -> (artifact id: '0b3f9503e6d2a1efb8b856ea2d2321b4') in 0.003692 seconds
  Import took 0.008661 seconds .

========================================================================
Received Import Request.
  Time since last request: 0.006931 seconds.
  path: Assets/Classes/Character/CharacterMovementComponent.cs
  artifactKey: Guid(7602853a46707cf47800853bd36f0402) Importer(815301076,1909f56bfc062723c751e8b465ee728b)
Start importing Assets/Classes/Character/CharacterMovementComponent.cs using Guid(7602853a46707cf47800853bd36f0402) Importer(815301076,1909f56bfc062723c751e8b465ee728b)  -> (artifact id: '0b3f9503e6d2a1efb8b856ea2d2321b4') in 0.002952 seconds
  Import took 0.007992 seconds .

========================================================================
Received Prepare
Registering precompiled user dll's ...
Registered in 0.001543 seconds.
Begin MonoManager ReloadAssembly
Native extension for WindowsStandalone target not found
Refreshing native plugins compatible for Editor in 0.51 ms, found 0 plugins.
Preloading 0 native plugins for Editor in 0.00 ms.
Invoked RoslynAnalysisRunner static constructor.
RoslynAnalysisRunner will not be running.
RoslynAnalysisRunner has terminated.
Mono: successfully reloaded assembly
- Completed reload, in  1.021 seconds
Platform modules already initialized, skipping
Refreshing native plugins compatible for Editor in 0.51 ms, found 0 plugins.
Preloading 0 native plugins for Editor in 0.00 ms.
Unloading 3215 Unused Serialized files (Serialized files now loaded: 0)
System memory in use before: 164.3 MB.
System memory in use after: 161.7 MB.

Unloading 39 unused Assets to reduce memory usage. Loaded Objects now: 3938.
Total: 4.641400 ms (FindLiveObjects: 0.296500 ms CreateObjectMapping: 0.160700 ms MarkObjects: 1.887700 ms  DeleteObjects: 2.295400 ms)

========================================================================
Received Import Request.
  Time since last request: 264.212889 seconds.
  path: Assets/Classes/Character/CharacterMovementComponent.cs
  artifactKey: Guid(7602853a46707cf47800853bd36f0402) Importer(815301076,1909f56bfc062723c751e8b465ee728b)
Start importing Assets/Classes/Character/CharacterMovementComponent.cs using Guid(7602853a46707cf47800853bd36f0402) Importer(815301076,1909f56bfc062723c751e8b465ee728b)  -> (artifact id: 'd04dbdd8bfc8e5879a597cd5a80f17af') in 0.005815 seconds
  Import took 0.010563 seconds .

========================================================================
Received Prepare
Registering precompiled user dll's ...
Registered in 0.001539 seconds.
Begin MonoManager ReloadAssembly
Native extension for WindowsStandalone target not found
Refreshing native plugins compatible for Editor in 0.51 ms, found 0 plugins.
Preloading 0 native plugins for Editor in 0.00 ms.
Invoked RoslynAnalysisRunner static constructor.
RoslynAnalysisRunner will not be running.
RoslynAnalysisRunner has terminated.
Mono: successfully reloaded assembly
- Completed reload, in  1.015 seconds
Platform modules already initialized, skipping
Refreshing native plugins compatible for Editor in 0.51 ms, found 0 plugins.
Preloading 0 native plugins for Editor in 0.00 ms.
Unloading 3215 Unused Serialized files (Serialized files now loaded: 0)
System memory in use before: 164.4 MB.
System memory in use after: 161.7 MB.

Unloading 39 unused Assets to reduce memory usage. Loaded Objects now: 3940.
Total: 4.608700 ms (FindLiveObjects: 0.316100 ms CreateObjectMapping: 0.180100 ms MarkObjects: 1.822700 ms  DeleteObjects: 2.288500 ms)

========================================================================
Received Import Request.
  Time since last request: 724.474242 seconds.
  path: Assets/Classes/Character/CharacterMovementComponent.cs
  artifactKey: Guid(7602853a46707cf47800853bd36f0402) Importer(815301076,1909f56bfc062723c751e8b465ee728b)
Start importing Assets/Classes/Character/CharacterMovementComponent.cs using Guid(7602853a46707cf47800853bd36f0402) Importer(815301076,1909f56bfc062723c751e8b465ee728b)  -> (artifact id: 'db47a33a85c34af5859088feaf8aa021') in 0.005842 seconds
  Import took 0.011175 seconds .

========================================================================
Received Import Request.
  Time since last request: 0.031947 seconds.
  path: Assets/Classes/Character/CharacterMovementComponent.cs
  artifactKey: Guid(7602853a46707cf47800853bd36f0402) Importer(815301076,1909f56bfc062723c751e8b465ee728b)
Start importing Assets/Classes/Character/CharacterMovementComponent.cs using Guid(7602853a46707cf47800853bd36f0402) Importer(815301076,1909f56bfc062723c751e8b465ee728b)  -> (artifact id: 'db47a33a85c34af5859088feaf8aa021') in 0.002918 seconds
  Import took 0.007874 seconds .

========================================================================
Received Prepare
Registering precompiled user dll's ...
Registered in 0.001647 seconds.
Begin MonoManager ReloadAssembly
Native extension for WindowsStandalone target not found
Refreshing native plugins compatible for Editor in 0.54 ms, found 0 plugins.
Preloading 0 native plugins for Editor in 0.00 ms.
Invoked RoslynAnalysisRunner static constructor.
RoslynAnalysisRunner will not be running.
RoslynAnalysisRunner has terminated.
Mono: successfully reloaded assembly
- Completed reload, in  1.043 seconds
Platform modules already initialized, skipping
Refreshing native plugins compatible for Editor in 0.52 ms, found 0 plugins.
Preloading 0 native plugins for Editor in 0.00 ms.
Unloading 3215 Unused Serialized files (Serialized files now loaded: 0)
System memory in use before: 164.3 MB.
System memory in use after: 161.7 MB.

Unloading 39 unused Assets to reduce memory usage. Loaded Objects now: 3942.
Total: 4.834700 ms (FindLiveObjects: 0.329400 ms CreateObjectMapping: 0.213800 ms MarkObjects: 1.991700 ms  DeleteObjects: 2.298400 ms)

========================================================================
Received Prepare
Registering precompiled user dll's ...
Registered in 0.001527 seconds.
Begin MonoManager ReloadAssembly
Native extension for WindowsStandalone target not found
Refreshing native plugins compatible for Editor in 0.52 ms, found 0 plugins.
Preloading 0 native plugins for Editor in 0.00 ms.
Invoked RoslynAnalysisRunner static constructor.
RoslynAnalysisRunner will not be running.
RoslynAnalysisRunner has terminated.
Mono: successfully reloaded assembly
- Completed reload, in  1.036 seconds
Platform modules already initialized, skipping
Refreshing native plugins compatible for Editor in 0.56 ms, found 0 plugins.
Preloading 0 native plugins for Editor in 0.00 ms.
Unloading 3215 Unused Serialized files (Serialized files now loaded: 0)
System memory in use before: 164.4 MB.
System memory in use after: 161.7 MB.

Unloading 39 unused Assets to reduce memory usage. Loaded Objects now: 3944.
Total: 4.597200 ms (FindLiveObjects: 0.354100 ms CreateObjectMapping: 0.212900 ms MarkObjects: 1.761700 ms  DeleteObjects: 2.267600 ms)

========================================================================
Received Prepare
Registering precompiled user dll's ...
Registered in 0.001538 seconds.
Begin MonoManager ReloadAssembly
Native extension for WindowsStandalone target not found
Refreshing native plugins compatible for Editor in 0.55 ms, found 0 plugins.
Preloading 0 native plugins for Editor in 0.00 ms.
Invoked RoslynAnalysisRunner static constructor.
RoslynAnalysisRunner will not be running.
RoslynAnalysisRunner has terminated.
Mono: successfully reloaded assembly
- Completed reload, in  1.050 seconds
Platform modules already initialized, skipping
Refreshing native plugins compatible for Editor in 0.51 ms, found 0 plugins.
Preloading 0 native plugins for Editor in 0.00 ms.
Unloading 3215 Unused Serialized files (Serialized files now loaded: 0)
System memory in use before: 164.3 MB.
System memory in use after: 161.7 MB.

Unloading 39 unused Assets to reduce memory usage. Loaded Objects now: 3946.
Total: 4.501800 ms (FindLiveObjects: 0.313900 ms CreateObjectMapping: 0.209200 ms MarkObjects: 1.739100 ms  DeleteObjects: 2.238700 ms)

========================================================================
Received Prepare
Registering precompiled user dll's ...
Registered in 0.001493 seconds.
Begin MonoManager ReloadAssembly
Native extension for WindowsStandalone target not found
Refreshing native plugins compatible for Editor in 0.53 ms, found 0 plugins.
Preloading 0 native plugins for Editor in 0.00 ms.
Invoked RoslynAnalysisRunner static constructor.
RoslynAnalysisRunner will not be running.
RoslynAnalysisRunner has terminated.
Mono: successfully reloaded assembly
- Completed reload, in  1.029 seconds
Platform modules already initialized, skipping
Refreshing native plugins compatible for Editor in 0.52 ms, found 0 plugins.
Preloading 0 native plugins for Editor in 0.00 ms.
Unloading 3215 Unused Serialized files (Serialized files now loaded: 0)
System memory in use before: 164.4 MB.
System memory in use after: 161.8 MB.

Unloading 39 unused Assets to reduce memory usage. Loaded Objects now: 3948.
Total: 4.692900 ms (FindLiveObjects: 0.286900 ms CreateObjectMapping: 0.193300 ms MarkObjects: 1.920400 ms  DeleteObjects: 2.291300 ms)

========================================================================
Received Import Request.
  Time since last request: 297.318815 seconds.
  path: Assets/Art/Materials/Debug0.mat
  artifactKey: Guid(09f8d0878f9d3134a8ceebe391583238) Importer(815301076,1909f56bfc062723c751e8b465ee728b)
Start importing Assets/Art/Materials/Debug0.mat using Guid(09f8d0878f9d3134a8ceebe391583238) Importer(815301076,1909f56bfc062723c751e8b465ee728b)  -> (artifact id: '929c6bf9fe7a9190d1d1318240f72673') in 0.665380 seconds
  Import took 0.672405 seconds .

========================================================================
Received Import Request.
  Time since last request: 5.319046 seconds.
  path: Assets/Art/Materials/Debug1.mat
  artifactKey: Guid(46130eb50f68fba4d8d6cfaa5f49cfb3) Importer(815301076,1909f56bfc062723c751e8b465ee728b)
Start importing Assets/Art/Materials/Debug1.mat using Guid(46130eb50f68fba4d8d6cfaa5f49cfb3) Importer(815301076,1909f56bfc062723c751e8b465ee728b)  -> (artifact id: '7f038b1da1b0a46d818c40167a80455b') in 0.026699 seconds
  Import took 0.032200 seconds .

========================================================================
Received Import Request.
  Time since last request: 0.646259 seconds.
  path: Assets/Art/Materials/Debug1.mat
  artifactKey: Guid(46130eb50f68fba4d8d6cfaa5f49cfb3) Importer(815301076,1909f56bfc062723c751e8b465ee728b)
Start importing Assets/Art/Materials/Debug1.mat using Guid(46130eb50f68fba4d8d6cfaa5f49cfb3) Importer(815301076,1909f56bfc062723c751e8b465ee728b)  -> (artifact id: 'de41e94f1587f75ebae8a71394303c16') in 0.046014 seconds
  Import took 0.051907 seconds .

========================================================================
Received Import Request.
  Time since last request: 59.327619 seconds.
  path: Assets/Art/Materials/Debug1.mat
  artifactKey: Guid(46130eb50f68fba4d8d6cfaa5f49cfb3) Importer(815301076,1909f56bfc062723c751e8b465ee728b)
Start importing Assets/Art/Materials/Debug1.mat using Guid(46130eb50f68fba4d8d6cfaa5f49cfb3) Importer(815301076,1909f56bfc062723c751e8b465ee728b)  -> (artifact id: '39d1ae4e7bdd13f0c69d9f54c1eb6cfb') in 0.028282 seconds
  Import took 0.033734 seconds .

========================================================================
Received Prepare
Registering precompiled user dll's ...
Registered in 0.001623 seconds.
Begin MonoManager ReloadAssembly
Native extension for WindowsStandalone target not found
Refreshing native plugins compatible for Editor in 0.55 ms, found 0 plugins.
Preloading 0 native plugins for Editor in 0.00 ms.
Invoked RoslynAnalysisRunner static constructor.
RoslynAnalysisRunner will not be running.
RoslynAnalysisRunner has terminated.
Mono: successfully reloaded assembly
- Completed reload, in  1.255 seconds
Platform modules already initialized, skipping
Refreshing native plugins compatible for Editor in 0.53 ms, found 0 plugins.
Preloading 0 native plugins for Editor in 0.00 ms.
Unloading 3226 Unused Serialized files (Serialized files now loaded: 0)
System memory in use before: 172.1 MB.
System memory in use after: 169.9 MB.

Unloading 33 unused Assets to reduce memory usage. Loaded Objects now: 4119.
Total: 4.283500 ms (FindLiveObjects: 0.296600 ms CreateObjectMapping: 0.169200 ms MarkObjects: 1.923500 ms  DeleteObjects: 1.893300 ms)

AssetImportWorkerClient::OnTransportError - code=2 error=End of file
